save file :./crawl_data/白羊座------白羊座符号的含义.json
save file :./crawl_data/白羊座------白羊座把你当备胎的表现.json
save file :./crawl_data/白羊座------白羊男常说这句话不能信.json
save file :./crawl_data/白羊座------白羊座最喜欢干的三件事.json
save file :./crawl_data/白羊座------白羊座的爱情为何走不到终点.json
save file :./crawl_data/金牛座------金牛座符号的含义.json
save file :./crawl_data/金牛座------金牛座把你当备胎的表现.json
save file :./crawl_data/金牛座------金牛男常说这句话不能信.json
save file :./crawl_data/金牛座------金牛座最喜欢干的三件事.json
save file :./crawl_data/金牛座------金牛座的爱情为何走不到终点.json
save file :./crawl_data/双子座------双子座符号的含义.json
save file :./crawl_data/双子座------双子座把你当备胎的表现.json
save file :./crawl_data/双子座------双子男常说这句话不能信.json
save file :./crawl_data/双子座------双子座最喜欢干的三件事.json
save file :./crawl_data/双子座------双子座的爱情为何走不到终点.json
save file :./crawl_data/巨蟹座------巨蟹座符号的含义.json
save file :./crawl_data/巨蟹座------巨蟹座把你当备胎的表现.json
save file :./crawl_data/巨蟹座------巨蟹男常说这句话不能信.json
save file :./crawl_data/巨蟹座------巨蟹座最喜欢干的三件事.json
save file :./crawl_data/巨蟹座------巨蟹座的爱情为何走不到终点.json
save file :./crawl_data/狮子座------狮子座符号的含义.json
save file :./crawl_data/狮子座------狮子座把你当备胎的表现.json
save file :./crawl_data/狮子座------狮子男常说这句话不能信.json
save file :./crawl_data/狮子座------狮子座最喜欢干的三件事.json
save file :./crawl_data/狮子座------狮子座的爱情为何走不到终点.json
save file :./crawl_data/处女座------处女座符号的含义.json
save file :./crawl_data/处女座------处女座把你当备胎的表现.json
save file :./crawl_data/处女座------处女男常说这句话不能信.json
save file :./crawl_data/处女座------处女座最喜欢干的三件事.json
save file :./crawl_data/处女座------处女座的爱情为何走不到终点.json
save file :./crawl_data/天秤座------天秤座符号的含义.json
save file :./crawl_data/天秤座------天秤座把你当备胎的表现.json
save file :./crawl_data/天秤座------天秤男常说这句话不能信.json
save file :./crawl_data/天秤座------天秤座最喜欢干的三件事.json
save file :./crawl_data/天秤座------天秤座的爱情为何走不到终点.json
save file :./crawl_data/天蝎座------天蝎座符号的含义.json
save file :./crawl_data/天蝎座------天蝎座把你当备胎的表现.json
save file :./crawl_data/天蝎座------天蝎男常说这句话不能信.json
save file :./crawl_data/天蝎座------天蝎座最喜欢干的三件事.json
save file :./crawl_data/天蝎座------天蝎座的爱情为何走不到终点.json
save file :./crawl_data/射手座------射手座符号的含义.json
save file :./crawl_data/射手座------射手座把你当备胎的表现.json
save file :./crawl_data/射手座------射手男常说这句话不能信.json
save file :./crawl_data/射手座------射手座最喜欢干的三件事.json
save file :./crawl_data/射手座------射手座的爱情为何走不到终点.json
save file :./crawl_data/摩羯座------摩羯座符号的含义.json
save file :./crawl_data/摩羯座------摩羯座把你当备胎的表现.json
save file :./crawl_data/摩羯座------摩羯男常说这句话不能信.json
save file :./crawl_data/摩羯座------摩羯座最喜欢干的三件事.json
save file :./crawl_data/摩羯座------摩羯座的爱情为何走不到终点.json
save file :./crawl_data/水瓶座------水瓶座符号的含义.json
save file :./crawl_data/水瓶座------水瓶座把你当备胎的表现.json
save file :./crawl_data/水瓶座------水瓶男常说这句话不能信.json
save file :./crawl_data/水瓶座------水瓶座最喜欢干的三件事.json
save file :./crawl_data/水瓶座------水瓶座的爱情为何走不到终点.json
save file :./crawl_data/双鱼座------双鱼座符号的含义.json
save file :./crawl_data/双鱼座------双鱼座把你当备胎的表现.json
save file :./crawl_data/双鱼座------双鱼男常说这句话不能信.json
save file :./crawl_data/双鱼座------双鱼座最喜欢干的三件事.json
save file :./crawl_data/双鱼座------双鱼座的爱情为何走不到终点.json
