save file :./crawl_data/双鱼座------17466641------双鱼招桃花的装扮重点(图).json
save file :./crawl_data/双鱼座------17460356------双鱼座会为了钱结婚吗(图).json
save file :./crawl_data/双鱼座------17438665------双鱼座喜欢你时打啥主意(图).json
save file :./crawl_data/双鱼座------17436672------双鱼座的真爱门槛(图).json
save file :./crawl_data/双鱼座------17428505------谁能成为双鱼男的女神(图).json
save file :./crawl_data/双鱼座------17400138------让双鱼座撕心裂肺的感情(图).json
save file :./crawl_data/双鱼座------17370933------双鱼座是如何看清自己的(图).json
save file :./crawl_data/双鱼座------17353567------双鱼座最嫉妒啥(图).json
save file :./crawl_data/双鱼座------17350371------最能打动双鱼座的情话(图).json
save file :./crawl_data/双鱼座------17347221------双鱼男和女生没纯友谊(图).json
save file :./crawl_data/双鱼座------17341720------双鱼座本周爱情吉日吉时(图).json
save file :./crawl_data/双鱼座------17309030------双鱼座受伤时什么样(图).json
save file :./crawl_data/双鱼座------17300269------双鱼座分手后有多坚强(图).json
save file :./crawl_data/双鱼座------17289856------双鱼是念旧情的人吗(图).json
save file :./crawl_data/双鱼座------17266966------咋讨好双鱼座女王大人(图).json
save file :./crawl_data/双鱼座------17257185------双鱼的事业好运哪里来(图).json
save file :./crawl_data/双鱼座------17247060------让双鱼放弃爱情的痛点(图).json
save file :./crawl_data/双鱼座------17223497------啥时候最不需要双鱼座(图).json
save file :./crawl_data/双鱼座------17221439------双鱼女的恋爱雷区(图).json
save file :./crawl_data/双鱼座------17205771------怎么跟双鱼座谈情说爱(图).json
save file :./crawl_data/双鱼座------17187563------你啥时候最需要双鱼座(图).json
save file :./crawl_data/双鱼座------17180887------双鱼用啥招哄恋人开心(图).json
save file :./crawl_data/双鱼座------17179098------和双鱼男分手的正确姿势(图).json
save file :./crawl_data/双鱼座------17150827------双鱼女单身宣言(图).json
save file :./crawl_data/双鱼座------17135820------双鱼分手时说啥最扎心(图).json
save file :./crawl_data/双鱼座------17119361------与双鱼座女生相处的法则(图).json
save file :./crawl_data/双鱼座------17113684------双鱼男友觉得你这样特别作(图).json
save file :./crawl_data/双鱼座------17106195------双鱼座本周爱情吉日吉时(图).json
save file :./crawl_data/双鱼座------17098186------双鱼座的爱情白痴症(图).json
save file :./crawl_data/双鱼座------17074915------让双鱼座服软的办法(图).json
save file :./crawl_data/双鱼座------17067776------双鱼座因为啥会被甩(图).json
save file :./crawl_data/双鱼座------17066957------双鱼座的童心去哪儿了(图).json
save file :./crawl_data/双鱼座------17028348------双鱼座的嘴甜不甜(图).json
save file :./crawl_data/双鱼座------17026876------双鱼最看不惯哪种秀恩爱方式(图).json
save file :./crawl_data/双鱼座------17001702------双鱼女如何摆脱剩女危机(图).json
save file :./crawl_data/双鱼座------16999802------双鱼座最该小心的头号情敌(图).json
save file :./crawl_data/双鱼座------16984768------双鱼座恋爱时最没心计(图).json
save file :./crawl_data/双鱼座------16981429------双鱼男跟你分手的真正理由(图).json
save file :./crawl_data/双鱼座------16966080------双鱼座暗恋时有啥表现(图).json
save file :./crawl_data/双鱼座------16962387------双鱼座最憧憬的爱情模式(图).json
save file :./crawl_data/双鱼座------16942012------什么最能打动双鱼座(图).json
save file :./crawl_data/双鱼座------16938414------双鱼座都是怎么吃醋的(图).json
save file :./crawl_data/双鱼座------16905155------双鱼座为啥跟职场栽跟头(图).json
save file :./crawl_data/双鱼座------16900653------双鱼男为啥只撩不追你(图).json
save file :./crawl_data/双鱼座------16899090------双鱼座本周爱情吉日吉时(图).json
save file :./crawl_data/双鱼座------16869486------双鱼座崩坏的一面(图).json
save file :./crawl_data/双鱼座------16834906------双鱼座遇上啥会秒怂(图).json
save file :./crawl_data/双鱼座------16830591------双鱼座6月运势预报(图).json
save file :./crawl_data/双鱼座------16830453------断送双鱼前途的一句话(图).json
save file :./crawl_data/双鱼座------16829110------哪类双鱼女是老司机(图).json
save file :./crawl_data/双鱼座------16825689------双鱼女不能错过的男人(图).json
save file :./crawl_data/双鱼座------16796298------咋样抱紧双鱼座的大腿(图).json
save file :./crawl_data/双鱼座------16791418------什么爱会让双鱼座想逃(图).json
save file :./crawl_data/双鱼座------16764920------和双鱼分手后还能做朋友吗(图).json
save file :./crawl_data/双鱼座------16762985------双鱼座恋爱虐人指数(图).json
save file :./crawl_data/双鱼座------16696452------双鱼座暗恋里的心酸瞬间(图).json
save file :./crawl_data/双鱼座------16691805------双鱼座最不该爱上谁(图).json
save file :./crawl_data/双鱼座------16683035------双鱼座本周爱情吉日吉时(图).json
save file :./crawl_data/双鱼座------16680764------双鱼男有多爱吃醋(图).json
save file :./crawl_data/双鱼座------16656845------双鱼座忠诚度大考验(图).json
save file :./crawl_data/双鱼座------16647866------双鱼有主还被撩的反应(图).json
save file :./crawl_data/双鱼座------16623215------双鱼男最易被当成闺蜜(图).json
save file :./crawl_data/双鱼座------16622330------双鱼座恋爱受虐的原因(图).json
save file :./crawl_data/双鱼座------16613175------双鱼女是电视剧里的哪种人(图).json
save file :./crawl_data/双鱼座------16613214------双鱼座女生应该这样修补爱情裂痕(图).json
save file :./crawl_data/双鱼座------16608453------双鱼座恋爱必读忠告(图).json
save file :./crawl_data/双鱼座------16584620------如何爱双鱼座恋人(图).json
save file :./crawl_data/双鱼座------16575983------最能感动双鱼女友的一句话(图).json
save file :./crawl_data/双鱼座------16572102------双鱼座奉子成婚的可能性(图).json
save file :./crawl_data/双鱼座------16548516------双鱼座能给你幸福吗(图).json
save file :./crawl_data/双鱼座------16547475------双鱼座最易暧昧缠身(图).json
save file :./crawl_data/双鱼座------16538489------啥事能让双鱼抓心挠肺(图).json
save file :./crawl_data/双鱼座------16467220------双鱼女恋爱前后反差对比(图).json
save file :./crawl_data/双鱼座------16466008------双鱼座本周爱情吉日吉时(图).json
save file :./crawl_data/双鱼座------16438757------双鱼座职场最膈应啥人(图).json
save file :./crawl_data/双鱼座------16432083------双鱼男活该单身的原因(图).json
save file :./crawl_data/双鱼座------16430921------双鱼座的婚恋盲区(图).json
save file :./crawl_data/双鱼座------16403749------双鱼如何聊天不冷场(图).json
save file :./crawl_data/双鱼座------16401510------双鱼座宿命中跟谁纠缠(图).json
save file :./crawl_data/双鱼座------16393956------双鱼男送你礼物的初衷(图).json
save file :./crawl_data/双鱼座------16362883------双鱼座老公使用说明书(图).json
save file :./crawl_data/双鱼座------16361734------双鱼女不想结婚的原因(图).json
save file :./crawl_data/双鱼座------16329199------双鱼座出去乱搞的原因(图).json
save file :./crawl_data/双鱼座------16327749------双鱼座如何变身大财主(图).json
save file :./crawl_data/双鱼座------16297266------双鱼座被甩的5大致命原因(图).json
save file :./crawl_data/双鱼座------16261347------跟双鱼座恋爱最郁闷(图).json
save file :./crawl_data/双鱼座------16257145------男人眼里的双鱼座女神(图).json
save file :./crawl_data/双鱼座------16251746------双鱼座本周爱情吉日吉时(图).json
save file :./crawl_data/双鱼座------16218084------双鱼座出轨后的表现(图).json
save file :./crawl_data/双鱼座------16216196------双鱼座秘密最多(图).json
save file :./crawl_data/双鱼座------16187559------双鱼座男人的爱情暗示(图).json
save file :./crawl_data/双鱼座------16180787------双鱼女的姐弟恋成功率高吗(图).json
save file :./crawl_data/双鱼座------16146203------双鱼男会被谁吃定(图).json
save file :./crawl_data/双鱼座------16123773------双鱼座总是一副好脾气(图).json
save file :./crawl_data/双鱼座------16122675------双鱼座的白骨精是啥样(图).json
save file :./crawl_data/双鱼座------16062168------双鱼座因感情自暴自弃(图).json
save file :./crawl_data/双鱼座------16055750------双鱼座本周爱情吉日吉时(图).json
save file :./crawl_data/双鱼座------15982213------双鱼座女人的魅力指数(图).json
save file :./crawl_data/双鱼座------15974600------5月天象对双鱼座的影响.json
save file :./crawl_data/双鱼座------15937392------双鱼男遇上啥样的女人会想逃(图).json
save file :./crawl_data/双鱼座------15932975------双鱼座有什么奇怪的发怒点.json
save file :./crawl_data/双鱼座------15905027------双鱼座5月开运玩法指南.json
save file :./crawl_data/双鱼座------15904269------双鱼座是薄情之人吗(图).json
save file :./crawl_data/双鱼座------15902818------双鱼座是谎话精吗(图).json
save file :./crawl_data/双鱼座------15893648------双鱼座相亲最看重啥细节(图).json
save file :./crawl_data/双鱼座------15824396------双鱼座在爱情中最糊涂(图).json
save file :./crawl_data/双鱼座------15810904------双鱼座本周爱情吉日吉时(图).json
save file :./crawl_data/双鱼座------15778647------和双鱼男分手难度指数(图).json
save file :./crawl_data/双鱼座------15767230------双鱼座购物时的奇葩症状(图).json
save file :./crawl_data/双鱼座------15736566------双鱼座是装傻高手(图).json
save file :./crawl_data/双鱼座------15726700------双鱼女非你不嫁的表现(图).json
save file :./crawl_data/双鱼座------15725940------双鱼女和渣男恋爱啥感受(图).json
save file :./crawl_data/双鱼座------15724934------双鱼座职场魅力指数(图).json
save file :./crawl_data/双鱼座------15684933------跟双鱼男司机飙车怎么赢(图).json
save file :./crawl_data/双鱼座------15619366------双鱼座爱情箴言(图).json
save file :./crawl_data/双鱼座------15563454------让双鱼瞬间恢复元气的活动(图).json
save file :./crawl_data/双鱼座------15562113------双鱼座本周爱情吉日吉时(图).json
save file :./crawl_data/双鱼座------15556584------双鱼想发财要注意啥(图).json
save file :./crawl_data/双鱼座------15529668------双鱼男约会时的style(图).json
save file :./crawl_data/双鱼座------15529024------双鱼座的天才式怪癖(图).json
save file :./crawl_data/双鱼座------15520892------双鱼如何预防抑郁(图).json
save file :./crawl_data/双鱼座------15489029------和双鱼座同居最终结果(图).json
save file :./crawl_data/双鱼座------15479453------双鱼座如何在职场上位(图).json
save file :./crawl_data/双鱼座------15448668------双鱼女要小心的爱情陷阱(图).json
save file :./crawl_data/双鱼座------15437803------如何让双鱼男乖乖听话(图).json
save file :./crawl_data/双鱼座------15407690------双鱼男恋爱抠门程度(图).json
save file :./crawl_data/双鱼座------15409464------双鱼座如何惩罚老公(图).json
save file :./crawl_data/双鱼座------15406259------本次水逆对双鱼座的影响(图).json
save file :./crawl_data/双鱼座------15325024------双鱼女的好色指数(图).json
save file :./crawl_data/双鱼座------15315730------双鱼座本周爱情吉日吉时(图).json
save file :./crawl_data/双鱼座------15313094------双鱼女为啥成不了女神(图).json
save file :./crawl_data/双鱼座------15287328------双鱼女注定辜负的人(图).json
save file :./crawl_data/双鱼座------15248546------搞定双鱼男友的杀手锏(图).json
save file :./crawl_data/双鱼座------15247672------双鱼男恋爱时嘴里没真话(图).json
save file :./crawl_data/双鱼座------15215478------双鱼女最易被男人骗(图).json
save file :./crawl_data/双鱼座------15210710------千万别在双鱼男面前讨论啥(图).json
save file :./crawl_data/双鱼座------15192652------双鱼女恋爱综合症(图).json
save file :./crawl_data/双鱼座------15152884------双鱼男的理想型啥样(图).json
save file :./crawl_data/双鱼座------15146536------双鱼座4月哪几天运势超级旺(图).json
save file :./crawl_data/双鱼座------15141893------双鱼座异地恋有多持久(图).json
save file :./crawl_data/双鱼座------15113772------双鱼是三角恋常客(图).json
save file :./crawl_data/双鱼座------15107388------整蛊双鱼座的妙招(图).json
save file :./crawl_data/双鱼座------15104849------双鱼座本周爱情吉日吉时(图).json
save file :./crawl_data/双鱼座------15075887------双鱼的爱情世界最受不了啥(图).json
save file :./crawl_data/双鱼座------15074067------双鱼最易陷入自我纠结(图).json
save file :./crawl_data/双鱼座------15049449------哄双鱼男票的终极攻略(图).json
save file :./crawl_data/双鱼座------15026491------双鱼男友无法抵挡何种嗲功(图).json
save file :./crawl_data/双鱼座------15021433------双鱼男何时情欲最旺盛(图).json
save file :./crawl_data/双鱼座------14995234------双鱼眼中婆媳谁说了算(图).json
save file :./crawl_data/双鱼座------14985766------双鱼女的婚前恐惧症(图).json
save file :./crawl_data/双鱼座------14954665------倒追双鱼时最忌讳啥(图).json
save file :./crawl_data/双鱼座------14953411------双鱼座最轻浮爱猎艳(图).json
save file :./crawl_data/双鱼座------14942248------双鱼女友绝不原谅你做啥事(图).json
save file :./crawl_data/双鱼座------14874214------双鱼女最看不上啥男生.json
save file :./crawl_data/双鱼座------14873649------双鱼女的倒追能力(图).json
save file :./crawl_data/双鱼座------14869609------双鱼男不逼就不结婚(图).json
save file :./crawl_data/双鱼座------14863916------双鱼女看见ex秀恩爱有啥反应(图).json
save file :./crawl_data/双鱼座------14862549------双鱼座本周爱情吉日吉时(图).json
save file :./crawl_data/双鱼座------14832706------双鱼座30岁后才会财运爆发(图).json
save file :./crawl_data/双鱼座------14826921------当双鱼女遇上男票的前女友.json
save file :./crawl_data/双鱼座------14791801------双鱼女向往的浪漫桥段(图).json
save file :./crawl_data/双鱼座------14782172------如何让双鱼女更有安全感(图).json
save file :./crawl_data/双鱼座------14747701------双鱼男婚前婚后的态度.json
save file :./crawl_data/双鱼座------14746918------如何与双鱼座完美分手(图).json
save file :./crawl_data/双鱼座------14745777------双鱼最喜欢的啪啪对象(图).json
save file :./crawl_data/双鱼座------14719496------用啥招找双鱼借钱最管用(图).json
save file :./crawl_data/双鱼座------14718710------双鱼男脱单后干的第一件事(图).json
save file :./crawl_data/双鱼座------14707979------双鱼如何摆脱厌职情绪(图).json
save file :./crawl_data/双鱼座------14639478------低情商的双鱼男票啥样.json
save file :./crawl_data/双鱼座------14633857------双鱼男把钱给媳妇管的好处(图).json
save file :./crawl_data/双鱼座------14632196------双鱼座本周爱情吉日吉时(图).json
save file :./crawl_data/双鱼座------14605158------双鱼最易被白莲花玩弄(图).json
save file :./crawl_data/双鱼座------14603896------双鱼座女人的渣性指数(图).json
save file :./crawl_data/双鱼座------14566922------双鱼男是情场两面派(图).json
save file :./crawl_data/双鱼座------14565672------双鱼爱情变质的原因(图).json
save file :./crawl_data/双鱼座------14558662------双鱼最欣赏啥职业的男人(图).json
save file :./crawl_data/双鱼座------14556819------双鱼座如何避免婚后变怨妇(图).json
save file :./crawl_data/双鱼座------14528838------双鱼女最易打翻醋坛子(图).json
save file :./crawl_data/双鱼座------14526826------双鱼座致命的天生情敌(图).json
save file :./crawl_data/双鱼座------14520710------双鱼女会不会花心(图).json
save file :./crawl_data/双鱼座------14519308------白色情人节双鱼去哪儿约会(图).json
save file :./crawl_data/双鱼座------14492349------双鱼女最让男人难忘(图).json
save file :./crawl_data/双鱼座------14484013------双鱼突然辞职的秘密(图).json
save file :./crawl_data/双鱼座------14417453------双鱼座如何赶走烂桃花.json
save file :./crawl_data/双鱼座------14406445------双鱼座本周爱情吉日吉时(图).json
save file :./crawl_data/双鱼座------14405807------双鱼女恋爱多久考虑啪啪(图).json
save file :./crawl_data/双鱼座------14380574------双鱼女婚后易变欧巴桑(图).json
save file :./crawl_data/双鱼座------14379776------双鱼座的厨艺咋样(图).json
save file :./crawl_data/双鱼座------14379683------双鱼座的热恋期限(图).json
save file :./crawl_data/双鱼座------14341234------双鱼座女强人是怎样炼成的(图).json
save file :./crawl_data/双鱼座------14339964------送双鱼妈妈的妇女节礼物(图).json
save file :./crawl_data/双鱼座------14338146------双鱼前世就注定了姻缘(图).json
save file :./crawl_data/双鱼座------14310992------双鱼最来电的星座情人(图).json
save file :./crawl_data/双鱼座------14303949------双鱼座的头号麻烦情人(图).json
save file :./crawl_data/双鱼座------14277442------双鱼干啥事都看颜值(图).json
save file :./crawl_data/双鱼座------14208440------双鱼宝宝咋跟家人相处(图).json
save file :./crawl_data/双鱼座------14200938------双鱼座渣女体质特点(图).json
save file :./crawl_data/双鱼座------14200411------推倒双鱼座的必备技能(图).json
save file :./crawl_data/双鱼座------14199381------双鱼座本周爱情吉日吉时(图).json
save file :./crawl_data/双鱼座------14172501------让双鱼回心转意的秘籍(图).json
save file :./crawl_data/双鱼座------14171161------双鱼座吸引异性攻略(图).json
save file :./crawl_data/双鱼座------14170126------双鱼不喜欢保守派恋人(图).json
save file :./crawl_data/双鱼座------14138231------双鱼座靠直觉选情人(图).json
save file :./crawl_data/双鱼座------14132863------和双鱼同事恋爱的最差后果(图).json
save file :./crawl_data/双鱼座------14108550------双鱼座3月塔罗运势播报(图).json
save file :./crawl_data/双鱼座------14103856------双鱼受情伤后的状态(图).json
save file :./crawl_data/双鱼座------14100603------双鱼男喝醉后乱搞暧昧(图).json
save file :./crawl_data/双鱼座------14069600------双鱼命定的有缘人(图).json
save file :./crawl_data/双鱼座------13995455------双鱼座本周爱情吉日吉时(图).json
save file :./crawl_data/双鱼座------13974403------双鱼座男人最会撒娇(图).json
save file :./crawl_data/双鱼座------13971714------双鱼男的好色程度(图).json
save file :./crawl_data/双鱼座------13938406------双鱼男票最MAN的地方(图).json
save file :./crawl_data/双鱼座------13936255------双鱼座阴毒起来什么样(图).json
save file :./crawl_data/双鱼座------13931589------做双鱼男第几任女友最幸福(图).json
save file :./crawl_data/双鱼座------13904236------双鱼座得罪小人的原因(图).json
save file :./crawl_data/双鱼座------13901182------双鱼习惯为爱情默默付出.json
save file :./crawl_data/双鱼座------13900554------咋让双鱼男友越来越迷恋你.json
save file :./crawl_data/双鱼座------13869868------双鱼座女生被分手的原因(图).json
save file :./crawl_data/双鱼座------13868920------双鱼座爱情骗子长啥样(图).json
save file :./crawl_data/双鱼座------13805019------双鱼座恋爱常犯啥病(图).json
save file :./crawl_data/双鱼座------13800494------双鱼座本周爱情吉日吉时(图).json
save file :./crawl_data/双鱼座------13769658------双鱼女最通花钱之道.json
save file :./crawl_data/双鱼座------13745387------双鱼座的破财盲点(图).json
save file :./crawl_data/双鱼座------13744329------双鱼女的蓝颜知己.json
save file :./crawl_data/双鱼座------13741846------双鱼座务必婚前试婚(图).json
save file :./crawl_data/双鱼座------13740520------双鱼女会为了谁哭泣(图).json
save file :./crawl_data/双鱼座------13717302------双鱼男必中的爱情暗示(图).json
save file :./crawl_data/双鱼座------13713281------双鱼座情人节表白攻略(图).json
save file :./crawl_data/双鱼座------13687960------双鱼座的世界观.json
save file :./crawl_data/双鱼座------13687412------双鱼座职场升级方法(图).json
save file :./crawl_data/双鱼座------13674432------双鱼最想和恋人做啥事(图).json
save file :./crawl_data/双鱼座------13621594------双鱼最喜欢的约会地(图).json
save file :./crawl_data/双鱼座------13620014------双鱼男分手后还招惹你(图).json
save file :./crawl_data/双鱼座------13616443------双鱼座本周吉日吉时(图).json
save file :./crawl_data/双鱼座------13591126------木星逆行时双鱼的爱情危机(图).json
save file :./crawl_data/双鱼座------13561563------双鱼座2017年的禁忌(图).json
save file :./crawl_data/双鱼座------13556683------双鱼女倒追套路指南(图).json
save file :./crawl_data/双鱼座------13536196------双鱼用啥表达我爱你(图).json
save file :./crawl_data/双鱼座------13534875------双鱼最不想放弃的恋人(图).json
save file :./crawl_data/双鱼座------13508660------双鱼座逃不了的感情劫(图).json
save file :./crawl_data/双鱼座------13503726------双鱼男如何疼爱媳妇(图).json
save file :./crawl_data/双鱼座------13470301------双鱼变态的分手方式(图).json
save file :./crawl_data/双鱼座------13466061------双鱼座本周爱情吉日吉时(图).json
save file :./crawl_data/双鱼座------13439481------双鱼座最佳结婚年龄(图).json
save file :./crawl_data/双鱼座------13428841------双鱼座会偷看恋人手机(图).json
save file :./crawl_data/双鱼座------13424640------双鱼最不能接受的恋情(图).json
save file :./crawl_data/双鱼座------13405531------双鱼座告白幸运物(图).json
save file :./crawl_data/双鱼座------13396982------双鱼女的暧昧套路(图).json
save file :./crawl_data/双鱼座------13396741------双鱼座内心最大的恐惧(图).json
save file :./crawl_data/双鱼座------13389780------双鱼男的暧昧套路(图).json
save file :./crawl_data/双鱼座------13382978------不离不弃好闺蜜-双鱼座(图).json
save file :./crawl_data/双鱼座------13377354------双鱼男改不了的恶习(图).json
save file :./crawl_data/双鱼座------13376330------双鱼座进阶指南(图).json
save file :./crawl_data/双鱼座------13369650------双鱼座的恋爱傻行为(图).json
save file :./crawl_data/双鱼座------13362800------不熟不知的双鱼隐藏属性(图).json
save file :./crawl_data/双鱼座------13355710------双鱼座本周爱情吉日吉时(图).json
save file :./crawl_data/双鱼座------13353885------双鱼座如何缓解求职压力(图).json
save file :./crawl_data/双鱼座------13353828------双鱼男婚后变家庭煮夫(图).json
save file :./crawl_data/双鱼座------13353008------双鱼座今年有啥喜事临门(图).json
save file :./crawl_data/双鱼座------13337332------双鱼男的红粉知己(图).json
save file :./crawl_data/双鱼座------13335135------双鱼座恋爱最易秒分手(图).json
save file :./crawl_data/双鱼座------13317281------双鱼最易对旧爱念念不忘(图).json
save file :./crawl_data/双鱼座------13317250------双鱼座没安全感时的表现(图).json
save file :./crawl_data/双鱼座------13287878------双鱼男不能碰的爱情死穴(图).json
save file :./crawl_data/双鱼座------13266302------双鱼座的爱情未来(图).json
save file :./crawl_data/双鱼座------13261612------双鱼女的恋爱歪理(图).json
save file :./crawl_data/双鱼座------13261131------双鱼座职场上火的原因(图).json
save file :./crawl_data/双鱼座------13220679------双鱼咋克服爱情厌倦期(图).json
save file :./crawl_data/双鱼座------13220148------双鱼男哄你上床的惯用理由(图).json
save file :./crawl_data/双鱼座------13218061------双鱼座本周爱情吉日吉时(图).json
save file :./crawl_data/双鱼座------13191451------双鱼座的危险一面(图).json
save file :./crawl_data/双鱼座------13191309------双鱼和谁旅行更美好(图).json
save file :./crawl_data/双鱼座------13187602------双鱼女最会挑男人(图).json
save file :./crawl_data/双鱼座------13160431------双鱼座人妻的优质美德(图).json
save file :./crawl_data/双鱼座------13159046------双鱼男爱游戏超过女友(图).json
save file :./crawl_data/双鱼座------13158449------双鱼如何找回昨日激情(图).json
save file :./crawl_data/双鱼座------13135537------让双鱼男望而却步的女人(图).json
save file :./crawl_data/双鱼座------13134265------双鱼男出轨后的心虚表现(图).json
save file :./crawl_data/双鱼座------13101537------双鱼女死都不能嫁的冤家(图).json
save file :./crawl_data/双鱼座------13099460------双鱼女天生少奶奶命(图).json
save file :./crawl_data/双鱼座------13098535------双鱼男私房钱藏哪儿了(图).json
save file :./crawl_data/双鱼座------13097607------双鱼男黏妻指数(图).json
save file :./crawl_data/双鱼座------13045237------双鱼如何优雅地吃土(图).json
save file :./crawl_data/双鱼座------13044717------双鱼座咋对付嘴贱的人(图).json
save file :./crawl_data/双鱼座------13038864------双鱼座本周爱情吉日吉时(图).json
save file :./crawl_data/双鱼座------13015400------双鱼座喜欢装什么(图).json
save file :./crawl_data/双鱼座------13014951------双鱼得知被忽悠之后(图).json
save file :./crawl_data/双鱼座------13016762------能让双鱼长情的动力是啥(图).json
save file :./crawl_data/双鱼座------13016417------双鱼女最易得到男神心(图).json
save file :./crawl_data/双鱼座------12992217------攻略双鱼的表白技巧(图).json
save file :./crawl_data/双鱼座------12991307------双鱼座不宜太早结婚(图).json
save file :./crawl_data/双鱼座------12987913------双鱼座最具孩子气的一面(图).json
save file :./crawl_data/双鱼座------12963319------双鱼男的招牌谎言(图).json
save file :./crawl_data/双鱼座------12957235------双鱼女芳心暗许的征兆(图).json
save file :./crawl_data/双鱼座------12932503------双鱼座回头率暴涨的方法(图).json
save file :./crawl_data/双鱼座------12926126------双鱼座有多大胆(图).json
save file :./crawl_data/双鱼座------12925321------双鱼男勾搭姑娘的烂俗套路(图).json
save file :./crawl_data/双鱼座------12876435------双鱼座的最佳婚期(图).json
save file :./crawl_data/双鱼座------12869372------双鱼座本周爱情吉日吉时(图).json
save file :./crawl_data/双鱼座------12844365------怎么哄生气的双鱼男友(图).json
save file :./crawl_data/双鱼座------12840589------惹怒双鱼座后果是啥(图).json
save file :./crawl_data/双鱼座------12818184------双鱼男最让恋人无奈之处(图).json
save file :./crawl_data/双鱼座------12813357------啥装扮入不了双鱼女的眼(图).json
save file :./crawl_data/双鱼座------12793228------双鱼一遇爱情就变怂(图).json
save file :./crawl_data/双鱼座------12792812------双鱼女被男人甩的原因(图).json
save file :./crawl_data/双鱼座------12788926------双鱼如何翻新工作气场(图).json
save file :./crawl_data/双鱼座------12773064------双鱼最难克服的爱情难题(图).json
save file :./crawl_data/双鱼座------12772932------双鱼女倒追男人有一套(图).json
save file :./crawl_data/双鱼座------12729001------双鱼如何熬过没男人的日子(图).json
save file :./crawl_data/双鱼座------12728218------双鱼座本周爱情吉日吉时(图).json
save file :./crawl_data/双鱼座------12727845------双鱼座2017年运势(图).json
save file :./crawl_data/双鱼座------12706114------让双鱼男最闹心的爱(图).json
save file :./crawl_data/双鱼座------12696397------向双鱼男示爱的窍门(图).json
save file :./crawl_data/双鱼座------12676347------双鱼男恋爱时变心最快(图).json
save file :./crawl_data/双鱼座------12675092------双鱼男选老婆的标准(图).json
save file :./crawl_data/双鱼座------12650440------双鱼男的逆天克星(图).json
save file :./crawl_data/双鱼座------12645907------双鱼女啥时候丑到令人发指(图).json
save file :./crawl_data/双鱼座------12626375------2017年双鱼爱情运超级旺(图).json
save file :./crawl_data/双鱼座------12625866------双鱼座的恋爱大雷区(图).json
save file :./crawl_data/双鱼座------12622745------双鱼座恋爱常犯啥错(图).json
save file :./crawl_data/双鱼座------12577597------啥样的恋人让双鱼记一辈子(图).json
save file :./crawl_data/双鱼座------12574157------双鱼男最反感你穿啥(图).json
save file :./crawl_data/双鱼座------12573206------双鱼座本周爱情吉日吉时(图).json
save file :./crawl_data/双鱼座------12553253------双鱼男的感情致命点(图).json
save file :./crawl_data/双鱼座------12552638------鉴定双鱼座爱你有多深(图).json
save file :./crawl_data/双鱼座------12526501------双鱼座的调情手段(图).json
save file :./crawl_data/双鱼座------12523829------双鱼座的情史能有多乱(图).json
save file :./crawl_data/双鱼座------12523246------让双鱼座瞬间炸毛的圣诞礼物(图).json
save file :./crawl_data/双鱼座------12503918------双鱼座不为人知的一面(图).json
save file :./crawl_data/双鱼座------12499302------双鱼座咋提高职场能见度(图).json
save file :./crawl_data/双鱼座------12481317------2016年最后一次水逆对双鱼座影响(图).json
save file :./crawl_data/双鱼座------12478580------双鱼女能为男人带来好运(图).json
save file :./crawl_data/双鱼座------12477568------咋调教不听话的双鱼男友(图).json
save file :./crawl_data/双鱼座------12468911------谁偷走了双鱼座的快乐(图).json
save file :./crawl_data/双鱼座------12424236------双鱼女为男票做过的蠢事(图).json
save file :./crawl_data/双鱼座------12422295------双鱼座本周爱情吉日吉时(图).json
save file :./crawl_data/双鱼座------12401551------双鱼座犯错时的借口(图).json
save file :./crawl_data/双鱼座------12375695------如何考验双鱼男的心(图).json
save file :./crawl_data/双鱼座------12374680------双鱼座年底防剁手攻略(图).json
save file :./crawl_data/双鱼座------12351469------双鱼吃醋时啥反应(图).json
save file :./crawl_data/双鱼座------12349868------双鱼座适合独身吗(图).json
save file :./crawl_data/双鱼座------12346805------双鱼座男神养成计划(图).json
save file :./crawl_data/双鱼座------12327994------双鱼座变心的前兆(图).json
save file :./crawl_data/双鱼座------12327981------双鱼座变心的前兆(图).json
save file :./crawl_data/双鱼座------12324681------双鱼女让男人最想疼爱(图).json
save file :./crawl_data/双鱼座------12322502------咋做能让双鱼座暖起来(图).json
save file :./crawl_data/双鱼座------12274612------和双鱼男在一起の甜与苦(图).json
save file :./crawl_data/双鱼座------12273112------双鱼座本周爱情吉日吉时(图).json
save file :./crawl_data/双鱼座------12252149------双鱼对爱痴情的表现(图).json
save file :./crawl_data/双鱼座------12229510------如何与双鱼重修旧好(图).json
save file :./crawl_data/双鱼座------12222658------如何击破双鱼座的心墙(图).json
save file :./crawl_data/双鱼座------12203039------征服双鱼恋人的攻心术(图).json
save file :./crawl_data/双鱼座------12199388------双鱼女最想要的真爱(图).json
save file :./crawl_data/双鱼座------12180354------双鱼爱情无疾而终的原因(图).json
save file :./crawl_data/双鱼座------12177712------双鱼座惯用的套路招数(图).json
save file :./crawl_data/双鱼座------12130694------双鱼男人最爱吃醋(图).json
save file :./crawl_data/双鱼座------12127659------双鱼女的捉奸手段(图).json
save file :./crawl_data/双鱼座------12126388------双鱼座本周爱情吉日吉时(图).json
save file :./crawl_data/双鱼座------12106922------双鱼座的精神出轨率(图).json
save file :./crawl_data/双鱼座------12100431------双鱼座如何应对逼婚(图).json
save file :./crawl_data/双鱼座------12079896------双鱼是最好的倾诉对象(图).json
save file :./crawl_data/双鱼座------12077392------双鱼女在熟人面前啥样(图).json
save file :./crawl_data/双鱼座------12059420------用啥方法攻陷双鱼座(图).json
save file :./crawl_data/双鱼座------12058941------双鱼会为爱情死磕到底(图).json
save file :./crawl_data/双鱼座------12058441------如何与双鱼座重修旧好(图).json
save file :./crawl_data/双鱼座------12035275------双鱼老了也有男人疼爱(图).json
save file :./crawl_data/双鱼座------12034265------双鱼座暗恋能憋多久(图).json
save file :./crawl_data/双鱼座------12029998------双鱼座的毅力用在哪儿(图).json
save file :./crawl_data/双鱼座------11992329------双鱼女虚荣的理由(图).json
save file :./crawl_data/双鱼座------11989989------双鱼不喜欢你时啥表现(图).json
save file :./crawl_data/双鱼座------11986268------双鱼座本周爱情吉日吉时(图).json
save file :./crawl_data/双鱼座------11969904------双鱼座的头号冤家(图).json
save file :./crawl_data/双鱼座------11968635------双鱼座婚后分手概率(图).json
save file :./crawl_data/双鱼座------11967405------双鱼男最纯情(图).json
save file :./crawl_data/双鱼座------11966231------双鱼座的阴险指数(图).json
save file :./crawl_data/双鱼座------11944169------双鱼混娱乐圈最适合啥角色(图).json
save file :./crawl_data/双鱼座------11939067------双鱼适合的婚姻类型(图).json
save file :./crawl_data/双鱼座------11919517------双鱼座注定能成大器(图).json
save file :./crawl_data/双鱼座------11918781------双鱼座致命恋爱弱点(图).json
save file :./crawl_data/双鱼座------11894959------双鱼座顺利嫁人的绝招(图).json
save file :./crawl_data/双鱼座------11852488------双鱼座灭“小三”秘籍(图).json
save file :./crawl_data/双鱼座------11852435------双鱼男不娶什么样的女人(图).json
save file :./crawl_data/双鱼座------11847819------双鱼座本周爱情吉日吉时(图).json
save file :./crawl_data/双鱼座------11826947------双鱼座的恋情分析(图).json
save file :./crawl_data/双鱼座------11803333------一家子都是双鱼座会咋样(图).json
save file :./crawl_data/双鱼座------11802325------拥有双鱼座室友是种什么体验(图).json
save file :./crawl_data/双鱼座------11801997------双鱼想要啥样的枕边人(图).json
save file :./crawl_data/双鱼座------11776875------双鱼最爱哪种接吻方式(图).json
save file :./crawl_data/双鱼座------11776473------双鱼座给卖家差评的原因(图).json
save file :./crawl_data/双鱼座------11757558------双鱼男最让人崩溃的毛病(图).json
save file :./crawl_data/双鱼座------11756539------双鱼女睡过就要负责(图).json
save file :./crawl_data/双鱼座------11756216------GEO谈:2017年双鱼座运势(图).json
save file :./crawl_data/双鱼座------11714138------双鱼遭遇的致命情敌(图).json
save file :./crawl_data/双鱼座------11708477------双鱼座本周爱情吉日吉时(图).json
save file :./crawl_data/双鱼座------11690512------双鱼ex的再利用价值(图).json
save file :./crawl_data/双鱼座------11689809------双鱼绝不妥协的地方(图).json
save file :./crawl_data/双鱼座------11664728------双鱼女独得宠爱的小心机(图).json
save file :./crawl_data/双鱼座------11663683------双鱼男最怕女人掉眼泪(图).json
save file :./crawl_data/双鱼座------11659968------如何应对双鱼男的若即若离(图).json
save file :./crawl_data/双鱼座------11640442------双鱼的爱情软肋(图).json
save file :./crawl_data/双鱼座------11639145------双鱼座在别人眼中是什么样子(图).json
save file :./crawl_data/双鱼座------11616766------双鱼命定的贵人星座(图).json
save file :./crawl_data/双鱼座------11571938------拿下双鱼女的小技巧(图).json
save file :./crawl_data/双鱼座------11571747------双鱼座本周爱情吉日吉时(图).json
save file :./crawl_data/双鱼座------11568399------双鱼如何回复前任暧昧短信(图).json
save file :./crawl_data/双鱼座------11553256------双鱼男最爱管女友啥(图).json
save file :./crawl_data/双鱼座------11553157------双鱼座女生P图失真度(图).json
save file :./crawl_data/双鱼座------11549985------哪句话会惹毛双鱼座(图).json
save file :./crawl_data/双鱼座------11549217------双鱼愿在爱情中当备胎(图).json
save file :./crawl_data/双鱼座------11526317------双鱼最易招惹烂桃花(图).json
save file :./crawl_data/双鱼座------11525513------双鱼喜欢一个人的理由(图).json
save file :./crawl_data/双鱼座------11524153------双鱼座的奇葩买家啥样(图).json
save file :./crawl_data/双鱼座------11522308------双鱼男不愿为你花钱的真相(图).json
save file :./crawl_data/双鱼座------11502092------双鱼男靠啥俘获女人心(图).json
save file :./crawl_data/双鱼座------11478708------双鱼座致命弱点(图).json
save file :./crawl_data/双鱼座------11431061------如何与双鱼男磨合(图).json
save file :./crawl_data/双鱼座------11429961------双鱼男不愿给你花钱的真相(图).json
save file :./crawl_data/双鱼座------11429443------双鱼座最痴情(图).json
save file :./crawl_data/双鱼座------11426661------双鱼座本周爱情吉日吉时(图).json
save file :./crawl_data/双鱼座------11404822------双鱼男爱妻如命(图).json
save file :./crawl_data/双鱼座------11403698------双鱼不为人知的床上功夫(图).json
save file :./crawl_data/双鱼座------11399825------双鱼女讨公婆欢心攻略(图).json
save file :./crawl_data/双鱼座------11380945------双鱼座不为人知的秘密(图).json
save file :./crawl_data/双鱼座------11378919------双鱼啥时候最易移情别恋(图).json
save file :./crawl_data/双鱼座------11375596------双鱼座双11的剁手程度(图).json
save file :./crawl_data/双鱼座------11354213------双鱼啥时候最寂寞(图).json
save file :./crawl_data/双鱼座------11325448------双鱼座废柴能否逆袭(图).json
save file :./crawl_data/双鱼座------11324928------双鱼座的恋爱癖(图).json
save file :./crawl_data/双鱼座------11281840------和双鱼女恋爱最累(图).json
save file :./crawl_data/双鱼座------11281142------双鱼女专属的女人味(图).json
save file :./crawl_data/双鱼座------11278728------双鱼座本周爱情吉日吉时(图).json
save file :./crawl_data/双鱼座------11252629------双鱼男咋讨岳父母欢心(图).json
save file :./crawl_data/双鱼座------11252271------谁是双鱼女的死对头(图).json
save file :./crawl_data/双鱼座------11250978------双鱼男是偷情高手(图).json
save file :./crawl_data/双鱼座------11234952------双鱼座脆弱的一面(图).json
save file :./crawl_data/双鱼座------11210770------双鱼女婚前必提要求(图).json
save file :./crawl_data/双鱼座------11208648------双鱼人生一定会经历哪种劫难(图).json
save file :./crawl_data/双鱼座------11207908------男友是gay，双鱼女咋办(图).json
save file :./crawl_data/双鱼座------11208646------双鱼无法抵御厚脸皮男(图).json
save file :./crawl_data/双鱼座------11136865------双鱼本周爱情吉日吉时(图).json
save file :./crawl_data/双鱼座------11129248------双鱼座会果断放弃哪种爱情(图).json
save file :./crawl_data/双鱼座------11112470------双鱼MM是天生的公主命(图).json
save file :./crawl_data/双鱼座------11111656------双鱼座爱情的保鲜良方(图).json
save file :./crawl_data/双鱼座------11108904------双鱼座承诺的可信度(图).json
save file :./crawl_data/双鱼座------11101866------双鱼座花痴起来啥样儿(图).json
save file :./crawl_data/双鱼座------11079315------双鱼女最能忍耐什么(图).json
save file :./crawl_data/双鱼座------11208906------双鱼的升职敲门砖(图).json
save file :./crawl_data/双鱼座------11208966------双鱼重视你才会这样对你(图).json
save file :./crawl_data/双鱼座------11037134------双鱼座是最佳好老婆(图).json
save file :./crawl_data/双鱼座------11017911------双鱼女让人无法掌控(图).json
save file :./crawl_data/双鱼座------11015732------双鱼爱情中的独立能力(图).json
save file :./crawl_data/双鱼座------11011494------双鱼座本周爱情吉日吉时(图).json
save file :./crawl_data/双鱼座------10998217------一句话性格解析:双鱼座四血型(图).json
save file :./crawl_data/双鱼座------10995774------双鱼第一感觉最准(图).json
save file :./crawl_data/双鱼座------10992192------双鱼咋对变心男友下狠手(图).json
save file :./crawl_data/双鱼座------10989250------双鱼座发情时的表现(图).json
save file :./crawl_data/双鱼座------10987156------双鱼座会入戏太深吗(图).json
save file :./crawl_data/双鱼座------10980059------双鱼男人最爱搞暧昧(图).json
save file :./crawl_data/双鱼座------10979863------双鱼座最害怕失去啥(图).json
save file :./crawl_data/双鱼座------10972731------双鱼座啥时候最爱你(图).json
save file :./crawl_data/双鱼座------10972534------双鱼座会感情用事(图).json
save file :./crawl_data/双鱼座------10965128------双鱼的致命爱情缺点(图).json
save file :./crawl_data/双鱼座------10958439------双鱼座想爱人or被爱(图).json
save file :./crawl_data/双鱼座------10958196------双鱼在爱情中最得宠(图).json
save file :./crawl_data/双鱼座------10957666------双鱼女最易成为谁的猎物(图).json
save file :./crawl_data/双鱼座------10955532------双鱼女最易被这样掰弯(图).json
save file :./crawl_data/双鱼座------10950730------双鱼讨人喜欢的优点(图).json
save file :./crawl_data/双鱼座------10947525------双鱼女变美的绝招(图).json
save file :./crawl_data/双鱼座------10938002------双鱼女如何甩掉渣男(图).json
save file :./crawl_data/双鱼座------10928300------双鱼座10月哪天运势超级旺(图).json
save file :./crawl_data/双鱼座------10919989------双鱼座本周爱情吉日吉时(图).json
save file :./crawl_data/双鱼座------10918330------双鱼男最真实的内心世界(图).json
save file :./crawl_data/双鱼座------10889556------双鱼老公最听老婆话(图).json
save file :./crawl_data/双鱼座------10889006------当双鱼从灰姑娘变王妃(图).json
save file :./crawl_data/双鱼座------10868703------双鱼如何克服恋爱瓶颈期(图).json
save file :./crawl_data/双鱼座------10843267------双鱼宝宝防劈宝典(图).json
save file :./crawl_data/双鱼座------10842499------双鱼男最会哄女孩子(图).json
save file :./crawl_data/双鱼座------10818561------双鱼恋爱会有哪些疯狂举动(图).json
save file :./crawl_data/双鱼座------10814078------双鱼座的理财能力(图).json
save file :./crawl_data/双鱼座------10812985------爱上双鱼女可能带来的悲伤(图).json
save file :./crawl_data/双鱼座------10772367------双鱼女会不会偷偷关注EX(图).json
save file :./crawl_data/双鱼座------10772034------双鱼座不能受啥委屈(图).json
save file :./crawl_data/双鱼座------10771648------双鱼座在爱情中最善变(图).json
save file :./crawl_data/双鱼座------10769429------双鱼座本周爱情吉日吉时(图).json
save file :./crawl_data/双鱼座------10746118------双鱼老婆娶回家就是赚到(图).json
save file :./crawl_data/双鱼座------10745545------双鱼座的分手前兆(图).json
save file :./crawl_data/双鱼座------10723016------双鱼座爱去哪儿开房(图).json
save file :./crawl_data/双鱼座------10721845------双鱼男如何看待姐弟恋(图).json
save file :./crawl_data/双鱼座------10702174------双鱼男如何让女友更有安全感(图).json
save file :./crawl_data/双鱼座------10701300------双鱼最善于玩爱情游戏(图).json
save file :./crawl_data/双鱼座------10700160------双鱼最擅长化敌为友(图).json
save file :./crawl_data/双鱼座------10696842------如何对付生气的双鱼座(图).json
save file :./crawl_data/双鱼座------10669692------双鱼男交往后露原形指数(图).json
save file :./crawl_data/双鱼座------10667188------双鱼座本周爱情吉日吉时(图).json
save file :./crawl_data/双鱼座------10642911------双鱼男的“甜蜜陷阱”(图).json
save file :./crawl_data/双鱼座------10642942------双鱼座有爱情麻木症(图).json
save file :./crawl_data/双鱼座------10626174------双鱼男友对女朋友最好(图).json
save file :./crawl_data/双鱼座------10626084------双鱼男最不可信的一句话(图).json
save file :./crawl_data/双鱼座------10618764------双鱼男最无法忍受啥样爱情(图).json
save file :./crawl_data/双鱼座------10617923------双鱼男红颜知己最多(图).json
save file :./crawl_data/双鱼座------10617865------双鱼男最着迷的女人类型(图).json
save file :./crawl_data/双鱼座------10613762------双鱼座10月运势大提醒(图).json
save file :./crawl_data/双鱼座------10607988------满月月食对双鱼座的影响(图).json
save file :./crawl_data/双鱼座------10603984------双鱼怎么应付父母逼婚(图).json
save file :./crawl_data/双鱼座------10581258------双鱼男的犯贱之处(图).json
save file :./crawl_data/双鱼座------10557995------双鱼男理直气壮吃软饭(图).json
save file :./crawl_data/双鱼座------10557712------双鱼恋人吃醋时小动作(图).json
save file :./crawl_data/双鱼座------10518164------双鱼座本周爱情吉日吉时(图).json
save file :./crawl_data/双鱼座------10517690------双鱼座小三不好惹(图).json
save file :./crawl_data/双鱼座------10517063------双鱼座婚后给你怎样的幸福(图).json
save file :./crawl_data/双鱼座------10493422------双鱼爱你时的表现(图).json
save file :./crawl_data/双鱼座------10492217------双鱼座醋意有多浓(图).json
save file :./crawl_data/双鱼座------10473366------双鱼女愿意陪你穷风流(图).json
save file :./crawl_data/双鱼座------10472552------咋拒绝双鱼才不招反感(图).json
save file :./crawl_data/双鱼座------10471040------双鱼座如何对待外遇(图).json
save file :./crawl_data/双鱼座------10444633------双鱼男不爱你的表现(图).json
save file :./crawl_data/双鱼座------10441967------双鱼总把激情当爱情(图).json
save file :./crawl_data/双鱼座------10441215------双鱼女的洪荒之力来自哪里(图).json
save file :./crawl_data/双鱼座------10412292------双鱼男啥时候最想吻你(图).json
save file :./crawl_data/双鱼座------10409020------双鱼座最具好脾气(图).json
save file :./crawl_data/双鱼座------10408402------双鱼男可靠指数(图).json
save file :./crawl_data/双鱼座------10375667------双鱼是超级马屁精(图).json
save file :./crawl_data/双鱼座------10375214------双鱼座最排斥的爱情(图).json
save file :./crawl_data/双鱼座------10371525------双鱼座本周爱情吉日吉时(图).json
save file :./crawl_data/双鱼座------10351928------双鱼女因何而绝望(图).json
save file :./crawl_data/双鱼座------10335080------水星逆行对双鱼座的影响.json
save file :./crawl_data/双鱼座------10332115------双鱼座女生最神秘(图).json
save file :./crawl_data/双鱼座------10331875------双鱼男如何掩饰出轨(图).json
save file :./crawl_data/双鱼座------10315392------双鱼不解风情之处在哪.json
save file :./crawl_data/双鱼座------10315160------双鱼女春心萌动的表现(图).json
save file :./crawl_data/双鱼座------10294548------双鱼对待旧爱的态度.json
save file :./crawl_data/双鱼座------10294270------双鱼婚姻里充满正能量(图).json
save file :./crawl_data/双鱼座------10258564------双鱼座MM恋爱大忌(图).json
save file :./crawl_data/双鱼座------10257708------双鱼座本周爱情吉日吉时(图).json
save file :./crawl_data/双鱼座------10243735------双鱼恋爱中有啥臭毛病(图).json
save file :./crawl_data/双鱼座------10220420------双鱼女为啥要背叛你(图).json
save file :./crawl_data/双鱼座------10217640------双鱼女看偶像剧时的内心戏(图).json
save file :./crawl_data/双鱼座------10197798------双鱼女如何理财(图).json
save file :./crawl_data/双鱼座------10195993------双鱼男终极撩妹法宝(图).json
save file :./crawl_data/双鱼座------10176837------双鱼是懒人中的战斗机(图).json
save file :./crawl_data/双鱼座------10174652------双鱼如何赶走失眠(图).json
save file :./crawl_data/双鱼座------10133729------双鱼座本周爱情吉日吉时(图).json
save file :./crawl_data/双鱼座------10116058------双鱼座阴毒起来什么样(图).json
save file :./crawl_data/双鱼座------10114074------双鱼座以结婚为前提恋爱(图).json
save file :./crawl_data/双鱼座------10111676------双鱼女能对恋人妥协多少(图).json
save file :./crawl_data/双鱼座------10087999------双鱼咋克服爱情厌倦期(图).json
save file :./crawl_data/双鱼座------10067386------双鱼女让男人最难掌控(图).json
save file :./crawl_data/双鱼座------10066694------双鱼座的减压法宝(图).json
save file :./crawl_data/双鱼座------10061969------咋整治双鱼座的懒蛋恋人(图).json
save file :./crawl_data/双鱼座------10045862------双鱼座生财有道(图).json
save file :./crawl_data/双鱼座------10044226------双鱼座的偏执表现(图).json
save file :./crawl_data/双鱼座------10003376------双鱼座失恋后桃花运更旺(图).json
save file :./crawl_data/双鱼座------10002066------双鱼座本周爱情吉日吉时(图).json
save file :./crawl_data/双鱼座------10001070------双鱼座人前vs人后真面目(图).json
save file :./crawl_data/双鱼座------9951438------双鱼座爱的情商大揭秘(图).json
save file :./crawl_data/双鱼座------9927155------双鱼男最疼爱女友(图).json
save file :./crawl_data/双鱼座------9924741------啥阻挡了双鱼的财运(图).json
save file :./crawl_data/双鱼座------9924715------双鱼座是嫁人or嫁房子(图).json
save file :./crawl_data/双鱼座------9904739------双鱼座幸福自救术(图).json
save file :./crawl_data/双鱼座------9903908------双鱼座的恋爱成功率最高(图).json
save file :./crawl_data/双鱼座------9901484------双鱼座为啥出卖朋友(图).json
save file :./crawl_data/双鱼座------9900808------双鱼女靠啥拴住男人(图).json
save file :./crawl_data/双鱼座------9879157------双鱼座感情中容易犯二(图).json
save file :./crawl_data/双鱼座------9877287------双鱼最坚持的爱情观点(图).json
save file :./crawl_data/双鱼座------9831215------七夕如何向双鱼表白(图).json
save file :./crawl_data/双鱼座------9830772------双鱼座本周爱情吉日吉时(图).json
save file :./crawl_data/双鱼座------9810826------双鱼的红颜知己最多(图).json
save file :./crawl_data/双鱼座------9809375------感动双鱼女的七夕礼物(图).json
save file :./crawl_data/双鱼座------9809315------苏珊米勒双鱼座8月运(图).json
save file :./crawl_data/双鱼座------9786544------单身双鱼七夕的正确过法(图).json
save file :./crawl_data/双鱼座------9765021------双鱼女的鹊桥使者(图).json
save file :./crawl_data/双鱼座------9745434------双鱼女婚后会带旺老公(图).json
save file :./crawl_data/双鱼座------9744809------双鱼座的失恋伪装(图).json
save file :./crawl_data/双鱼座------9741857------双鱼男真心爱人啥样(图).json
save file :./crawl_data/双鱼座------9703436------双鱼座花样作死行为(图).json
save file :./crawl_data/双鱼座------9700212------双鱼座本周爱情吉日吉时(图).json
save file :./crawl_data/双鱼座------9699969------克莉丝汀-双鱼座7.28-8.3周运(图).json
save file :./crawl_data/双鱼座------9700755------上升在双鱼座的桃花运如何.json
save file :./crawl_data/双鱼座------9678584------双鱼座婚姻中懂得示弱(图).json
save file :./crawl_data/双鱼座------9676835------双鱼座的愤怒源泉(图).json
save file :./crawl_data/双鱼座------9651176------双鱼夏天怎么穿最撩汉(图).json
save file :./crawl_data/双鱼座------9648084------惹双鱼女友生气有啥后果(图).json
save file :./crawl_data/双鱼座------9631070------双鱼女最会吸引男人(图).json
save file :./crawl_data/双鱼座------9630718------双鱼座潜藏的恋爱本质(图).json
save file :./crawl_data/双鱼座------9629119------双鱼女为啥会背叛你(图).json
save file :./crawl_data/双鱼座------9606701------双鱼座的世界里拒绝啥(图).json
save file :./crawl_data/双鱼座------9606328------双鱼座逗比指数有多高(图).json
save file :./crawl_data/双鱼座------9604076------双鱼女最能收服花花公子(图).json
save file :./crawl_data/双鱼座------9560706------双鱼座和谁相爱不得(图).json
save file :./crawl_data/双鱼座------9560121------双鱼座本周爱情吉日吉时(图).json
save file :./crawl_data/双鱼座------9545209------克莉丝汀-双鱼座7.21-7.27周运(图).json
save file :./crawl_data/双鱼座------9541880------男人招惹不起双鱼女(图).json
save file :./crawl_data/双鱼座------9540892------双鱼座最不能得罪(图).json
save file :./crawl_data/双鱼座------9540798------双鱼男的这句话你千万别相信(图).json
save file :./crawl_data/双鱼座------9513474------双鱼男靠啥吸引女人(图).json
save file :./crawl_data/双鱼座------9490811------双鱼座的别样暑假(图).json
save file :./crawl_data/双鱼座------9490311------双鱼座自愈失恋有术(图).json
save file :./crawl_data/双鱼座------9490057------双鱼座分手后的遗憾(图).json
save file :./crawl_data/双鱼座------9466238------双鱼眼中这些比你更重要(图).json
save file :./crawl_data/双鱼座------9464661------双鱼男喜欢脚踏n条船(图).json
save file :./crawl_data/双鱼座------9463920------双鱼座的爱情智商有多高(图).json
save file :./crawl_data/双鱼座------9431758------克莉丝汀-双鱼座7.14-7.20周运(图).json
save file :./crawl_data/双鱼座------9426886------双鱼在朋友圈看啥会屏蔽(图).json
save file :./crawl_data/双鱼座------9426434------双鱼座本周爱情吉日吉时(图).json
save file :./crawl_data/双鱼座------9426265------啥类型人最适合双鱼座(图).json
save file :./crawl_data/双鱼座------9403469------双鱼座适合吃哪碗“饭”(图).json
save file :./crawl_data/双鱼座------9400566------双鱼如何摆脱职场困境(图).json
save file :./crawl_data/双鱼座------9378280------双鱼女被男友一哄就乖(图).json
save file :./crawl_data/双鱼座------9376260------什么打扮能秒吸双鱼男人(图).json
save file :./crawl_data/双鱼座------9374992------双鱼男需要的自由度(图).json
save file :./crawl_data/双鱼座------9354893------双鱼座最招男人烦(图).json
save file :./crawl_data/双鱼座------9354096------如何掳获双鱼女神的芳心(图).json
save file :./crawl_data/双鱼座------9353400------双鱼座因家庭反对而分手(图).json
save file :./crawl_data/双鱼座------9351866------与双鱼男相亲指南(图).json
save file :./crawl_data/双鱼座------9355883------双鱼座坚持单身的原因(图).json
save file :./crawl_data/双鱼座------9355787------抢谁都别抢双鱼的男朋友(图).json
save file :./crawl_data/双鱼座------9355925------双鱼座本周爱情吉日吉时(图).json
save file :./crawl_data/双鱼座------9356019------双鱼座外表和内心差异(图).json
save file :./crawl_data/双鱼座------9355906------双鱼座的特殊依赖症(图).json
save file :./crawl_data/双鱼座------9355777------双鱼座情人最没安全感(图).json
save file :./crawl_data/双鱼座------9355982------如何让双鱼男乖乖上钩(图).json
save file :./crawl_data/双鱼座------9355990------逼婚对双鱼座有效吗(图).json
save file :./crawl_data/双鱼座------9355993------双鱼座为啥不敢出柜(图).json
save file :./crawl_data/双鱼座------9355798------双鱼座谈恋爱容易见异思迁(图).json
save file :./crawl_data/双鱼座------9355945------揭秘双鱼女的爱情弱点(图).json
save file :./crawl_data/双鱼座------9355974------双鱼座直播走啥路线能火(图).json
save file :./crawl_data/双鱼座------9355918------双鱼座本周爱情吉日吉时(图).json
save file :./crawl_data/双鱼座------9356003------啥星座让双鱼座痛不欲生(图).json
save file :./crawl_data/双鱼座------9355997------双鱼座如何提升职场好感度(图).json
save file :./crawl_data/双鱼座------9355929------双鱼座对另一半疑心病最重(图).json
save file :./crawl_data/双鱼座------9355941------双鱼座的秘密癖好(图).json
save file :./crawl_data/双鱼座------9355985------双鱼是深情or薄情(图).json
save file :./crawl_data/双鱼座------9355948------啥行为证明双鱼女没那么喜欢你(图).json
save file :./crawl_data/双鱼座------9355812------双鱼女喜欢背着男友出去玩(图).json
save file :./crawl_data/双鱼座------9355815------双鱼男有疑心病(图).json
save file :./crawl_data/双鱼座------9356050------塔罗占卜双鱼座7月运势(图).json
save file :./crawl_data/双鱼座------17355762------双鱼座的爱情忠贞度(图).json
save file :./crawl_data/双鱼座------6999982------双鱼座跟谁搭档绩效最好(图).json
save file :./crawl_data/双鱼座------6999171------双鱼座拜年时最易犯啥错误(图).json
save file :./crawl_data/双鱼座------6984747------双鱼座2月展望(图).json
save file :./crawl_data/双鱼座------6984277------双鱼座打败第三者的最佳策略(图).json
save file :./crawl_data/双鱼座------6955649------双鱼座本周爱情吉日吉时(图).json
save file :./crawl_data/双鱼座------6936755------双鱼男见一个爱一个(图).json
save file :./crawl_data/双鱼座------6936582------双鱼座骗感情的手段(图).json
save file :./crawl_data/双鱼座------6925381------挽回双鱼座最容易(图).json
save file :./crawl_data/双鱼座------6909496------双鱼座离办公室恋情有多远(图).json
save file :./crawl_data/双鱼座------6893771------双鱼女管不住男人(图).json
save file :./crawl_data/双鱼座------6866890------双鱼座应该撕掉的负面标签(图).json
save file :./crawl_data/双鱼座------6866637------双鱼座本周爱情吉日吉时(图).json
save file :./crawl_data/双鱼座------6834748------双鱼座恋人的闪光点vs缺点(图).json
save file :./crawl_data/双鱼座------6818879------双鱼女能捕获男神的心(图).json
save file :./crawl_data/双鱼座------6801603------双鱼男分手后变贱男(图).json
save file :./crawl_data/双鱼座------6779293------双鱼男喜欢敷衍恋人(图).json
save file :./crawl_data/双鱼座------6775464------双鱼座本周爱情吉日吉时(图).json
save file :./crawl_data/双鱼座------6732895------双鱼女恋爱会变成女仆(图).json
save file :./crawl_data/双鱼座------6732283------双鱼座如何秀性感(图).json
save file :./crawl_data/双鱼座------6694900------双鱼座的放电勾魂技术最强(图).json
save file :./crawl_data/双鱼座------6678440------如何让双鱼男对你爱上瘾(图).json
save file :./crawl_data/双鱼座------6662177------双鱼座的敏感地带(图).json
save file :./crawl_data/双鱼座------6636275------双鱼座如何踢走情敌(图).json
save file :./crawl_data/双鱼座------6635672------双鱼座本周爱情吉日吉时(图).json
save file :./crawl_data/双鱼座------6623557------双鱼女让男人见了就把持不住(图).json
save file :./crawl_data/双鱼座------6611773------2016年双鱼座鸿运兆头(图).json
save file :./crawl_data/双鱼座------6598347------双鱼女最易被引诱(图).json
save file :./crawl_data/双鱼座------6582863------双鱼座1月展望(图).json
save file :./crawl_data/双鱼座------6582410------双鱼座起疑心时啥样(图).json
save file :./crawl_data/双鱼座------6581795------双鱼座本周爱情吉日吉时(图).json
save file :./crawl_data/双鱼座------6554395------双鱼座追谁最容易(图).json
save file :./crawl_data/双鱼座------6553089------双鱼座不拿感情当回事(图).json
save file :./crawl_data/双鱼座------6539982------双鱼男婚前大方婚后抠门(图).json
save file :./crawl_data/双鱼座------6539879------双鱼座恋爱叛逆期在啥时候(图).json
save file :./crawl_data/双鱼座------6521926------双鱼座胆儿大敢演鬼片(图).json
save file :./crawl_data/双鱼座------6507288------Alex：2016年双鱼座运势详解(图).json
save file :./crawl_data/双鱼座------6505552------本周星象对双鱼座影响(图).json
save file :./crawl_data/双鱼座------6504632------双鱼座咋脱单躲过逼婚(图).json
save file :./crawl_data/双鱼座------6479527------双鱼座圣诞节吸睛装扮(图).json
save file :./crawl_data/双鱼座------6479338------双鱼座本周爱情吉日吉时(图).json
save file :./crawl_data/双鱼座------6463163------如何让双鱼男乖乖上钩(图).json
save file :./crawl_data/双鱼座------6462155------双鱼座是花花公子终结者(图).json
save file :./crawl_data/双鱼座------6446719------双鱼座会主动追爱or被动接受(图).json
save file :./crawl_data/双鱼座------6445648------双鱼座圣诞节出轨指数高(图).json
save file :./crawl_data/双鱼座------6414272------双鱼座会为爱疯狂(图).json
save file :./crawl_data/双鱼座------6413409------本周星象对双鱼座影响(图).json
save file :./crawl_data/双鱼座------6381283------双鱼座本周爱情吉日吉时(图).json
save file :./crawl_data/双鱼座------6367473------让双鱼男最放不下心的女人(图).json
save file :./crawl_data/双鱼座------6349378------双鱼座不努力也有钱花(图).json
save file :./crawl_data/双鱼座------6347881------金星双鱼的变心可能(图).json
save file :./crawl_data/双鱼座------6331804------双鱼男最受用啥情话(图).json
save file :./crawl_data/双鱼座------6329296------双鱼女挑男人总瞎眼(图).json
save file :./crawl_data/双鱼座------6315979------本周星象对双鱼座影响(图).json
save file :./crawl_data/双鱼座------6314716------双鱼座情场失意时职场得意(图).json
save file :./crawl_data/双鱼座------6314332------又爱又恨的双鱼座坏男人(图).json
save file :./crawl_data/双鱼座------6283914------双鱼座本周爱情吉日吉时(图).json
save file :./crawl_data/双鱼座------6271232------双鱼男把真爱给了谁(图).json
save file :./crawl_data/双鱼座------6273850------双鱼座偏爱柏拉图爱情(图).json
save file :./crawl_data/双鱼座------6256133------双鱼女一辈子不缺男人(图).json
save file :./crawl_data/双鱼座------6255037------双鱼男出轨绝不会被发现(图).json
save file :./crawl_data/双鱼座------6222962------双鱼座的虚荣心(图).json
save file :./crawl_data/双鱼座------6220587------本周星象对双鱼座影响(图).json
save file :./crawl_data/双鱼座------6195615------双鱼男最易栽在女人手里(图).json
save file :./crawl_data/双鱼座------6194686------双鱼座本周爱情吉日吉时(图).json
save file :./crawl_data/双鱼座------6181607------双鱼女易和大叔纠缠(图).json
save file :./crawl_data/双鱼座------6180829------双鱼座2016年综合运势(图).json
save file :./crawl_data/双鱼座------6166041------双鱼女最瞧不上啥星座男(图).json
save file :./crawl_data/双鱼座------6151407------双鱼座12月展望(图).json
save file :./crawl_data/双鱼座------6148543------双鱼最难放弃啥星座恋人(图).json
save file :./crawl_data/双鱼座------6136685------本周星象对双鱼座影响(图).json
save file :./crawl_data/双鱼座------6133655------双鱼座年底财运如何(图).json
save file :./crawl_data/双鱼座------6132073------双鱼座的爱情雷区(图).json
save file :./crawl_data/双鱼座------6107618------双鱼座2016年进财机会(图).json
save file :./crawl_data/双鱼座------6105645------双鱼座本周爱情吉日吉时(图).json
save file :./crawl_data/双鱼座------6057861------双鱼男发达后不忘恋人(图).json
save file :./crawl_data/双鱼座------6057607------送啥礼物最能打动双鱼座(图).json
save file :./crawl_data/双鱼座------6043751------如何收复双鱼男的心(图).json
save file :./crawl_data/双鱼座------6041321------本周星象对双鱼座影响(图).json
save file :./crawl_data/双鱼座------6016101------和双鱼速配的是胡还是霍(图).json
save file :./crawl_data/双鱼座------6014490------双鱼座本周爱情吉日吉时(图).json
save file :./crawl_data/双鱼座------5998668------双鱼男愿为爱情改变(图).json
save file :./crawl_data/双鱼座------5984100------双鱼座冬季如何招桃花(图).json
save file :./crawl_data/双鱼座------5983146------双鱼座2016年要改啥恶习(图).json
save file :./crawl_data/双鱼座------5967540------双鱼座吼不住啥星座男(图).json
save file :./crawl_data/双鱼座------5966072------双鱼男会如何回忆你(图).json
save file :./crawl_data/双鱼座------5952663------本周星象对双鱼座影响(图).json
save file :./crawl_data/双鱼座------5950908------双鱼座绝不改变的恋爱原则(图).json
save file :./crawl_data/双鱼座------5950420------双鱼男不介意女友变胖(图).json
save file :./crawl_data/双鱼座------5926484------双鱼座人妻优点大公开(图).json
save file :./crawl_data/双鱼座------5924718------双鱼座本周爱情吉日吉时(图).json
save file :./crawl_data/双鱼座------5910221------双鱼座最迷恋啥接吻方式(图).json
save file :./crawl_data/双鱼座------5909674------双鱼座每次恋爱都看走眼(图).json
save file :./crawl_data/双鱼座------5864668------本周星象对双鱼座影响(图).json
save file :./crawl_data/双鱼座------5861758------双鱼座口是心非的表现(图).json
save file :./crawl_data/双鱼座------5860212------双鱼座人美命苦(图).json
save file :./crawl_data/双鱼座------5833426------双鱼座本周爱情吉日吉时(图).json
save file :./crawl_data/双鱼座------5817028------双鱼座的爱情原型(图).json
save file :./crawl_data/双鱼座------5815548------购物季双鱼座是剁手党吗(图).json
save file :./crawl_data/双鱼座------5799603------双鱼座秋季开运单品(图).json
save file :./crawl_data/双鱼座------5785282------双鱼座如何提高旅游艳遇几率(图).json
save file :./crawl_data/双鱼座------5771450------本周星象对双鱼座影响(图).json
save file :./crawl_data/双鱼座------5739088------双鱼座11月展望(图).json
save file :./crawl_data/双鱼座------5738732------双鱼座不适合跟同类谈恋爱(图).json
save file :./crawl_data/双鱼座------5735240------双鱼座本周爱情吉日吉时(图).json
save file :./crawl_data/双鱼座------5734890------双鱼座是正能量小天使(图).json
save file :./crawl_data/双鱼座------5718797------双鱼座如何横刀夺爱(图).json
save file :./crawl_data/双鱼座------5682196------双鱼座把男友宠成渣男(图).json
save file :./crawl_data/双鱼座------5667440------本周星象对双鱼座影响(图).json
save file :./crawl_data/双鱼座------5666293------如何拉拢双鱼座(图).json
save file :./crawl_data/双鱼座------5664369------双鱼座万圣节吸睛装扮(图).json
save file :./crawl_data/双鱼座------5636915------双鱼座2016上半年课题(图).json
save file :./crawl_data/双鱼座------5636610------双鱼座本周爱情吉日吉时(图).json
save file :./crawl_data/双鱼座------5602105------离异双鱼男的阴暗面(图).json
save file :./crawl_data/双鱼座------5601869------双鱼座擅长驾驭男友(图).json
save file :./crawl_data/双鱼座------5587638------双鱼座是装傻高手(图).json
save file :./crawl_data/双鱼座------5570604------双鱼座易被煽动而犯错(图).json
save file :./crawl_data/双鱼座------5542044------双鱼座本周爱情吉日吉时(图).json
save file :./crawl_data/双鱼座------5541835------双鱼座的冤情(图).json
save file :./crawl_data/双鱼座------5528687------双鱼座受情伤后如何自愈(图).json
save file :./crawl_data/双鱼座------5528193------双鱼女为啥不找帅哥当老公(图).json
save file :./crawl_data/双鱼座------5497405------双鱼座的爱情为啥会变质(图).json
save file :./crawl_data/双鱼座------5496582------双鱼座最不适合相亲(图).json
save file :./crawl_data/双鱼座------5479206------双鱼座有了情人不要朋友(图).json
save file :./crawl_data/双鱼座------5478764------本周星象对双鱼座影响(图).json
save file :./crawl_data/双鱼座------5463987------双鱼座如何增强和男神的缘分(图).json
save file :./crawl_data/双鱼座------5463190------双鱼座秋冬保养秘籍(图).json
save file :./crawl_data/双鱼座------5449297------双鱼男是泡妞达人(图).json
save file :./crawl_data/双鱼座------5448282------双鱼座本周爱情吉日吉时(图).json
save file :./crawl_data/双鱼座------5417322------双鱼座出轨后回头指数(图).json
save file :./crawl_data/双鱼座------5414502------本周星象对双鱼座影响(图).json
save file :./crawl_data/双鱼座------5413860------双鱼座的防御心墙(图).json
save file :./crawl_data/双鱼座------5409902------双鱼座最容易被人陷害(图).json
save file :./crawl_data/双鱼座------5402108------双鱼座本周爱情吉日吉时(图).json
save file :./crawl_data/双鱼座------5398389------双鱼座10月招好运秘籍(图).json
save file :./crawl_data/双鱼座------5389144------双鱼男最烦女友管啥(图).json
save file :./crawl_data/双鱼座------5387948------双鱼座恋爱最阴晴不定(图).json
save file :./crawl_data/双鱼座------5386139------双鱼座10月展望(图).json
save file :./crawl_data/双鱼座------5372869------双鱼座如何克服相思病(图).json
save file :./crawl_data/双鱼座------5371877------双鱼男分手后还犯贱(图).json
save file :./crawl_data/双鱼座------5358911------本周星象对双鱼座影响(图).json
save file :./crawl_data/双鱼座------5356503------双鱼会主动出击泡男人(图).json
save file :./crawl_data/双鱼座------5356115------双鱼座热恋期易出轨(图).json
save file :./crawl_data/双鱼座------5329949------双鱼座休假出游注意啥(图).json
save file :./crawl_data/双鱼座------5329791------双鱼座本周爱情吉日吉时(图).json
save file :./crawl_data/双鱼座------5315045------双鱼座易入啥爱情陷阱(图).json
save file :./crawl_data/双鱼座------5313773------双鱼女最易恋上已婚男(图).json
save file :./crawl_data/双鱼座------5292743------双鱼和巨蟹婚姻最长久(图).json
save file :./crawl_data/双鱼座------5292742------天蝎和双鱼婚姻最长久(图).json
save file :./crawl_data/双鱼座------5275952------如何拒绝双鱼男的追求(图).json
save file :./crawl_data/双鱼座------5263222------本周星象对双鱼座影响(图).json
save file :./crawl_data/双鱼座------5261404------双鱼座咋对付嘴贱的人(图).json
save file :./crawl_data/双鱼座------5235921------双鱼座本周爱情吉日吉时(图).json
save file :./crawl_data/双鱼座------5175669------本周星象对双鱼座影响(图).json
save file :./crawl_data/双鱼座------5150679------双鱼座本周爱情吉日吉时(图).json
save file :./crawl_data/双鱼座------5137305------双鱼座对精神恋爱啥态度(图).json
save file :./crawl_data/双鱼座------5136660------双鱼座易被哪种小人害(图).json
save file :./crawl_data/双鱼座------5107490------用啥讨好双鱼座最没效果(图).json
save file :./crawl_data/双鱼座------5094683------本周星象对双鱼座影响(图).json
save file :./crawl_data/双鱼座------5091712------双鱼女相亲大作战宝典(图).json
save file :./crawl_data/双鱼座------5080245------双鱼座本周爱情吉日吉时(图).json
save file :./crawl_data/双鱼座------5055335------双鱼座面试成功的诀窍(图).json
save file :./crawl_data/双鱼座------5044800------双鱼座的恋爱贵人是谁(图).json
save file :./crawl_data/双鱼座------5043590------双鱼座9月展望(图).json
save file :./crawl_data/双鱼座------5026122------本周星象对双鱼座影响(图).json
save file :./crawl_data/双鱼座------5024312------双鱼座爱情最大的遗憾(图).json
save file :./crawl_data/双鱼座------4992427------双鱼座靠啥打败情敌(图).json
save file :./crawl_data/双鱼座------4991509------双鱼座本周爱情吉日吉时(图).json
save file :./crawl_data/双鱼座------4974671------双鱼男最适合做知己(图).json
save file :./crawl_data/双鱼座------4974289------双鱼女的恋爱恶行(图).json
save file :./crawl_data/双鱼座------4958294------双鱼座做啥兼职能发财(图).json
save file :./crawl_data/双鱼座------4941708------双鱼座追到你后变啥样(图).json
save file :./crawl_data/双鱼座------4939107------双鱼座闪婚后会被抛弃(图).json
save file :./crawl_data/双鱼座------4932035------本周星象对双鱼座影响(图).json
save file :./crawl_data/双鱼座------4906407------双鱼座本周爱情吉日吉时(图).json
save file :./crawl_data/双鱼座------4854234------本周星象对双鱼座影响(图).json
save file :./crawl_data/双鱼座------4826851------双鱼座本周爱情吉日吉时(图).json
save file :./crawl_data/双鱼座------4783547------双鱼座的爱情误区(图).json
save file :./crawl_data/双鱼座------4782184------双鱼男拿承诺当儿戏(图).json
save file :./crawl_data/双鱼座------4771476------本周星象对双鱼座的影响(图).json
save file :./crawl_data/双鱼座------4769798------木星换座双鱼座的禁区(图).json
save file :./crawl_data/双鱼座------4768172------双鱼男婚后为啥不爱回家(图).json
save file :./crawl_data/双鱼座------4767810------双鱼座上班族偷懒绝招(图).json
save file :./crawl_data/双鱼座------4745037------为啥要和双鱼座友尽(图).json
save file :./crawl_data/双鱼座------4744968------双鱼座本周爱情吉日吉时(图).json
save file :./crawl_data/双鱼座------4732324------双鱼座老板的爆点(图).json
save file :./crawl_data/双鱼座------4731132------双鱼男的潜力股指数(图).json
save file :./crawl_data/双鱼座------4717116------双鱼男誓死不娶的女人(图).json
save file :./crawl_data/双鱼座------4705652------双鱼座的初恋注定夭折(图).json
save file :./crawl_data/双鱼座------4705398------双鱼男为啥不结婚(图).json
save file :./crawl_data/双鱼座------4690739------本周星象对双鱼座影响(图).json
save file :./crawl_data/双鱼座------4689189------双鱼座咋应对8月低气压(图).json
save file :./crawl_data/双鱼座------4666463------双鱼座本周爱情吉日吉时(图).json
save file :./crawl_data/双鱼座------4653783------双鱼女轻物质重爱情(图).json
save file :./crawl_data/双鱼座------4640538------向双鱼男逼婚的方法(图).json
save file :./crawl_data/双鱼座------4640152------双鱼座早恋最易吃亏(图).json
save file :./crawl_data/双鱼座------4638877------双鱼座8月展望(图).json
save file :./crawl_data/双鱼座------4625343------双鱼座装逼指南(图).json
save file :./crawl_data/双鱼座------4624058------如何引诱双鱼男出轨(图).json
save file :./crawl_data/双鱼座------4612754------本周星象对双鱼座影响(图).json
save file :./crawl_data/双鱼座------4591529------金星逆行双鱼座绝不能做啥事(图).json
save file :./crawl_data/双鱼座------4589226------双鱼座本周爱情吉日吉时(图).json
save file :./crawl_data/双鱼座------4577021------双鱼最可能和ex重温旧梦(图).json
save file :./crawl_data/双鱼座------4575060------双鱼男最会玩苦肉计(图).json
save file :./crawl_data/双鱼座------4561338------双鱼女倒追谁最易成功(图).json
save file :./crawl_data/双鱼座------4560409------双鱼男偷藏私房钱手法(图).json
save file :./crawl_data/双鱼座------4548111------双鱼男喜欢被奴役(图).json
save file :./crawl_data/双鱼座------4547752------双鱼女的黑暗爱情观(图).json
save file :./crawl_data/双鱼座------4533917------本周星象对双鱼座影响(图).json
save file :./crawl_data/双鱼座------4532531------双鱼座如何玩转暧昧(图).json
save file :./crawl_data/双鱼座------4531585------双鱼座被嫌弃的恶习(图).json
save file :./crawl_data/双鱼座------4508532------双鱼女的最佳床伴(图).json
save file :./crawl_data/双鱼座------4507354------双鱼座本周爱情吉日吉时(图).json
save file :./crawl_data/双鱼座------4493949------双鱼男的爱情死穴(图).json
save file :./crawl_data/双鱼座------4478368------双鱼座对说谎这事咋看(图).json
save file :./crawl_data/双鱼座------4477745------双鱼易被哪种男人骗色(图).json
save file :./crawl_data/双鱼座------4464935------双鱼男友最爱瞎管啥(图).json
save file :./crawl_data/双鱼座------4452862------本周星象对双鱼座影响(图).json
save file :./crawl_data/双鱼座------4448917------双鱼座最爱攀比啥(图).json
save file :./crawl_data/双鱼座------4426389------双鱼座人妻修炼手册(图).json
save file :./crawl_data/双鱼座------4424410------双鱼座本周爱情吉日吉时(图).json
save file :./crawl_data/双鱼座------4410294------双鱼座最不易妥协的性格死角(图).json
save file :./crawl_data/双鱼座------4394200------双鱼座的晚婚心态(图).json
save file :./crawl_data/双鱼座------4393498------双鱼女对壁咚没抵抗力(图).json
save file :./crawl_data/双鱼座------4364902------本周星象对双鱼座影响(图).json
save file :./crawl_data/双鱼座------4341149------双鱼要警惕啥克夫行为(图).json
save file :./crawl_data/双鱼座------4339451------双鱼座本周爱情吉日吉时(图).json
save file :./crawl_data/双鱼座------4319385------金牛和双鱼是模范星座夫妻(图).json
save file :./crawl_data/双鱼座------4319086------双鱼女颜值高爱耍男人(图).json
save file :./crawl_data/双鱼座------4300561------双鱼座7月展望(图).json
save file :./crawl_data/双鱼座------4281805------双鱼EX刷存在感贱招(图).json
save file :./crawl_data/双鱼座------4279358------双鱼座干啥事都看脸(图).json
save file :./crawl_data/双鱼座------4258990------本周星象对双鱼座影响(图).json
save file :./crawl_data/双鱼座------4255296------双鱼女的男友总被抢走(图).json
save file :./crawl_data/双鱼座------4195839------双鱼座本周爱情吉日吉时(图).json
save file :./crawl_data/双鱼座------4177526------双鱼男的恋爱臭毛病(图).json
save file :./crawl_data/双鱼座------4176310------双鱼座辞职旅游啥心态(图).json
save file :./crawl_data/双鱼座------4145912------本周星象对双鱼座影响(图).json
save file :./crawl_data/双鱼座------4144709------双鱼男见女生哭就腿软(图).json
save file :./crawl_data/双鱼座------4144106------双鱼男最烦女友逼他做啥(图).json
save file :./crawl_data/双鱼座------4115494------双鱼座本周爱情吉日吉时(图).json
save file :./crawl_data/双鱼座------4114259------巨蟹和双鱼没有纯友情(图).json
save file :./crawl_data/双鱼座------4077685------送双鱼老爸啥礼物最贴心(图).json
save file :./crawl_data/双鱼座------4075889------魔羯和双鱼只能同甘不能共苦(图).json
save file :./crawl_data/双鱼座------4061183------双鱼座易恋上一夜情(图).json
save file :./crawl_data/双鱼座------4060620------双鱼女能轻松搞定小鲜肉(图).json
save file :./crawl_data/双鱼座------4047531------本周星象对双鱼座影响(图).json
save file :./crawl_data/双鱼座------4045173------双鱼男骗感情惯用谎言(图).json
save file :./crawl_data/双鱼座------4044637------双鱼座丢不掉的童年情结(图).json
save file :./crawl_data/双鱼座------4017976------双鱼座爱情吉日吉时(图).json
save file :./crawl_data/双鱼座------4001199------双鱼座推倒男神的绝招(图).json
save file :./crawl_data/双鱼座------3999869------双鱼座最擅长欲擒故纵(图).json
save file :./crawl_data/双鱼座------3980426------双鱼座易和奇葩看对眼(图).json
save file :./crawl_data/双鱼座------3956931------双鱼女被虐也不爱娘炮(图).json
save file :./crawl_data/双鱼座------3937591------本周星象对双鱼座影响(图).json
save file :./crawl_data/双鱼座------3935703------双鱼男骗色手段一流(图).json
save file :./crawl_data/双鱼座------3912841------双鱼座本周爱情吉日吉时(图).json
save file :./crawl_data/双鱼座------3909825------双鱼座最易因感情误大事(图).json
save file :./crawl_data/双鱼座------3909754------双鱼座6月塔罗运势(图).json
save file :./crawl_data/双鱼座------3896787------咋向双鱼男索吻成功(图).json
save file :./crawl_data/双鱼座------3896112------双鱼座对爱情迟钝or痴情(图).json
save file :./crawl_data/双鱼座------3881512------双鱼男婚后变成啥样(图).json
save file :./crawl_data/双鱼座------3866035------双鱼座咋让男人流口水(图).json
save file :./crawl_data/双鱼座------3855342------本周星象对双鱼座影响(图).json
save file :./crawl_data/双鱼座------3853278------唐立淇6月双鱼运势(图).json
save file :./crawl_data/双鱼座------3851332------双鱼座6月财运指引(图).json
save file :./crawl_data/双鱼座------3851178------双鱼座6月展望(图).json
save file :./crawl_data/双鱼座------3826541------双鱼座是吸阳气的女妖(图).json
save file :./crawl_data/双鱼座------3825858------双鱼座本周爱情吉日吉时(图).json
save file :./crawl_data/双鱼座------3815795------双鱼男搞定岳父母有高招(图).json
save file :./crawl_data/双鱼座------3802135------男人择偶会首选双鱼座(图).json
save file :./crawl_data/双鱼座------3800878------双鱼座的爱情防腐剂(图).json
save file :./crawl_data/双鱼座------3788865------双鱼座偏爱三角虐恋(图).json
save file :./crawl_data/双鱼座------3776214------本周星象对双鱼座影响(图).json
save file :./crawl_data/双鱼座------3751392------双鱼女迷死男人的桃花妆(图).json
save file :./crawl_data/双鱼座------3750508------双鱼座本周爱情吉日吉时(图).json
save file :./crawl_data/双鱼座------3739298------甩掉双鱼男最婊的方法(图).json
save file :./crawl_data/双鱼座------3739805------双鱼座下半年事业运也不错(图).json
save file :./crawl_data/双鱼座------3710035------下手女友闺蜜双鱼渣男(图).json
save file :./crawl_data/双鱼座------3675147------双鱼座本周爱情吉日吉时(图).json
save file :./crawl_data/双鱼座------3673396------双鱼座经商能发多大财(图).json
save file :./crawl_data/双鱼座------3672651------双鱼女的宿命姻缘(图).json
save file :./crawl_data/双鱼座------3660216------双鱼座是恋爱中心机婊(图).json
save file :./crawl_data/双鱼座------3659611------双鱼座的正缘孽缘(图).json
save file :./crawl_data/双鱼座------3658309------双鱼遇见真爱就变孬种(图).json
save file :./crawl_data/双鱼座------3699192------双鱼座最完美情侣组合(图).json
save file :./crawl_data/双鱼座------3644674------双鱼女的专属女人味(图).json
save file :./crawl_data/双鱼座------3644634------双鱼座秘密恋情最多(图).json
save file :./crawl_data/双鱼座------3631544------双鱼座婚后会勾引男人(图).json
save file :./crawl_data/双鱼座------3630767------双鱼老公钱都给了谁(图).json
save file :./crawl_data/双鱼座------3619378------本周星象对双鱼座影响(图).json
save file :./crawl_data/双鱼座------3616022------双鱼座相亲市场被嫌弃(图).json
save file :./crawl_data/双鱼座------3615836------双鱼座爱情吉日吉时(图).json
save file :./crawl_data/双鱼座------3593925------双鱼座单身的饥渴程度(图).json
save file :./crawl_data/双鱼座------3593507------双鱼男最没兴趣的女人(图).json
save file :./crawl_data/双鱼座------3580102------最能打动双鱼男的话(图).json
save file :./crawl_data/双鱼座------3579698------双鱼女恋爱只赔不赚(图).json
save file :./crawl_data/双鱼座------3567646------如何调教双鱼男友(图).json
save file :./crawl_data/双鱼座------3566727------双鱼座是谎话精(图).json
save file :./crawl_data/双鱼座------3565891------双鱼男暴富后会变多坏(图).json
save file :./crawl_data/双鱼座------3552645------双鱼座易陷入婚外恋(图).json
save file :./crawl_data/双鱼座------3552450------双鱼男的拒婚潜台词(图).json
save file :./crawl_data/双鱼座------3540647------本周星象对双鱼座的影响(图).json
save file :./crawl_data/双鱼座------3539214------双鱼座拥有不老魔力(图).json
save file :./crawl_data/双鱼座------3539130------双鱼座爱情吉日吉时(图).json
save file :./crawl_data/双鱼座------3515339------双鱼座真爱门槛多高(图).json
save file :./crawl_data/双鱼座------3500960------双鱼男厚脸皮求包养(图).json
save file :./crawl_data/双鱼座------3500198------双鱼男外遇露馅小动作(图).json
save file :./crawl_data/双鱼座------3486412------双鱼座恋爱最易精神出轨(图).json
save file :./crawl_data/双鱼座------3485925------啥缺点让双鱼魅力尽失(图).json
save file :./crawl_data/双鱼座------3485374------双鱼座结不了婚的真相(图).json
save file :./crawl_data/双鱼座------3471610------双鱼座恋爱哪里最变态(图).json
save file :./crawl_data/双鱼座------3470881------双鱼女的帮夫指数(图).json
save file :./crawl_data/双鱼座------3470663------本周星象对双鱼座影响(图).json
save file :./crawl_data/双鱼座------3448040------双鱼女凭啥俘获男人心(图).json
save file :./crawl_data/双鱼座------3447040------双鱼座爱情吉日吉时(图).json
save file :./crawl_data/双鱼座------3415880------土星在双鱼座面对的困难(图).json
save file :./crawl_data/双鱼座------3414096------双鱼座男生的逆天克星(图).json
save file :./crawl_data/双鱼座------3413651------说啥话碰双鱼男底线(图).json
save file :./crawl_data/双鱼座------3387602------双鱼座性格的阴暗面(图).json
save file :./crawl_data/双鱼座------3385979------追回双鱼EX的成功率(图).json
save file :./crawl_data/双鱼座------3384047------婚后艳遇不断的双鱼男(图).json
save file :./crawl_data/双鱼座------3383834------双鱼座的杀人率(图).json
save file :./crawl_data/双鱼座------3350434------双鱼女的恋爱小心计(图).json
save file :./crawl_data/双鱼座------3349387------花心一辈子的双鱼男(图).json
save file :./crawl_data/双鱼座------3315384------双鱼座出轨真相(图).json
save file :./crawl_data/双鱼座------3312985------本周星象对双鱼座影响(图).json
save file :./crawl_data/双鱼座------3312065------双鱼座咋修炼职场老妖(图).json
save file :./crawl_data/双鱼座------3234146------双鱼座是情爱玩咖(图).json
save file :./crawl_data/双鱼座------3232384------双鱼座爱情吉日吉时(图).json
save file :./crawl_data/双鱼座------3196198------双鱼座是相亲的毒药(图).json
save file :./crawl_data/双鱼座------3196035------双鱼男的勾魂实力(图).json
save file :./crawl_data/双鱼座------3194874------双鱼座的男友最容易抢(图).json
save file :./crawl_data/双鱼座------3138213------猎杀双鱼座美男秘籍(图).json
save file :./crawl_data/双鱼座------3137555------双鱼男跟女生没纯友谊(图).json
save file :./crawl_data/双鱼座------3136298------双鱼男床上冲动指数(图).json
save file :./crawl_data/双鱼座------3071120------双鱼座有几个红颜知己(图).json
save file :./crawl_data/双鱼座------3068316------双鱼女的最迷人时刻(图).json
save file :./crawl_data/双鱼座------3064788------双鱼座的隐藏超能力(图).json
save file :./crawl_data/双鱼座------2994891------本周星象对双鱼座影响(图).json
save file :./crawl_data/双鱼座------2989504------双鱼女必甩的男人(图).json
save file :./crawl_data/双鱼座------2982267------双鱼座的下一任情人(图).json
save file :./crawl_data/双鱼座------2808109------双鱼座咋处理三角恋(图).json
save file :./crawl_data/双鱼座------2806038------双鱼男最爱偷摸小女生(图).json
save file :./crawl_data/双鱼座------2804322------双鱼座是搞外遇小能手(图).json
save file :./crawl_data/双鱼座------2803453------双鱼座爱情吉日吉时(图).json
save file :./crawl_data/双鱼座------2790177------勾起双鱼男情欲的部位(图).json
save file :./crawl_data/双鱼座------2788784------双鱼座女生犯贱的表现(图).json
save file :./crawl_data/双鱼座------2787916------双鱼男床技一流(图).json
save file :./crawl_data/双鱼座------2774960------双鱼男是直男癌(图).json
save file :./crawl_data/双鱼座------2773066------双鱼女情商堪忧毁爱情(图).json
save file :./crawl_data/双鱼座------2772869------双鱼座结婚意义着啥(图).json
save file :./crawl_data/双鱼座------2759534------双鱼座前世今生的身份(图).json
save file :./crawl_data/双鱼座------2759461------双鱼座的复仇杀手锏(图).json
save file :./crawl_data/双鱼座------2759282------最受男人宠爱的双鱼女(图).json
save file :./crawl_data/双鱼座------2759212------本周星象对双鱼座影响(图).json
save file :./crawl_data/双鱼座------2737021------上升双鱼的性道德底线(图).json
save file :./crawl_data/双鱼座------2735028------双鱼座把爱情当游戏(图).json
save file :./crawl_data/双鱼座------2734837------双鱼座爱情吉日吉时(图).json
save file :./crawl_data/双鱼座------2734742------双鱼座4月展望(图).json
save file :./crawl_data/双鱼座------2721833------上升双鱼的性暗示(图).json
save file :./crawl_data/双鱼座------2720836------双鱼男的得寸进尺指数(图).json
save file :./crawl_data/双鱼座------2720707------双鱼座男女变心预兆(图).json
save file :./crawl_data/双鱼座------2720134------双鱼男是最娘的星座男(图).json
save file :./crawl_data/双鱼座------2719755------双鱼座听黄段子啥反应(图).json
save file :./crawl_data/双鱼座------2405584------双鱼座咋过爱情空窗期(图).json
save file :./crawl_data/双鱼座------2405134------双鱼女容易被男人坑(图).json
save file :./crawl_data/双鱼座------2405111------活在醋缸里的双鱼男(图).json
save file :./crawl_data/双鱼座------2405067------双鱼座需警惕分手元凶(图).json
save file :./crawl_data/双鱼座------2388634------双鱼失恋后变情场浪子(图).json
save file :./crawl_data/双鱼座------2387698------爱情照妖镜下的双鱼座(图).json
save file :./crawl_data/双鱼座------2387450------双鱼男的爱情死穴(图).json
save file :./crawl_data/双鱼座------2373855------双鱼座是女汉子婊(图).json
save file :./crawl_data/双鱼座------2373392------本周星象对双鱼座影响(图).json
save file :./crawl_data/双鱼座------2372286------双鱼座咋放大招保爱情(图).json
save file :./crawl_data/双鱼座------2371669------双鱼座是强攻还是弱受(图).json
save file :./crawl_data/双鱼座------2348054------双鱼座爱情吉日吉时(图).json
save file :./crawl_data/双鱼座------2347879------双鱼座的金钱运最旺(图).json
save file :./crawl_data/双鱼座------2334114------双鱼女如何套牢男人(图).json
save file :./crawl_data/双鱼座------2333526------双鱼座最虐心分手方法(图).json
save file :./crawl_data/双鱼座------2333389------双鱼座最佳性爱搭档(图).json
save file :./crawl_data/双鱼座------2319347------想睡双鱼男要说啥情话(图).json
save file :./crawl_data/双鱼座------2319477------双鱼座4月桃花运(图).json
save file :./crawl_data/双鱼座------2318980------对双鱼座表白一招制胜(图).json
save file :./crawl_data/双鱼座------2306150------双鱼座最佳滚床单搭档(图).json
save file :./crawl_data/双鱼座------2305714------双鱼座奇葩旅伴(图).json
save file :./crawl_data/双鱼座------2304967------如何结交双鱼座土豪(图).json
save file :./crawl_data/双鱼座------2293063------情路布满荆棘的双鱼座(图).json
save file :./crawl_data/双鱼座------2292756------双鱼座爱情必备正能量(图).json
save file :./crawl_data/双鱼座------2290795------本周星象对双鱼座影响(图).json
save file :./crawl_data/双鱼座------2270024------双鱼座奴性难改(图).json
save file :./crawl_data/双鱼座------2269390------双鱼座爱情吉日吉时(图).json
save file :./crawl_data/双鱼座------2258250------双鱼座日食新月对日升双鱼的影响(图).json
save file :./crawl_data/双鱼座------2254786------双鱼座的伪单身渣属性(图).json
save file :./crawl_data/双鱼座------2241536------双鱼座咋完胜职场贱人(图).json
save file :./crawl_data/双鱼座------2240586------双鱼座事业咋一步登天(图).json
save file :./crawl_data/双鱼座------2226008------不要脸的双鱼座实习生(图).json
save file :./crawl_data/双鱼座------2225593------双鱼座为啥没人要(图).json
save file :./crawl_data/双鱼座------2215374------本周星象对双鱼座影响(图).json
save file :./crawl_data/双鱼座------2213262------双鱼座的恋爱通关锦囊(图).json
save file :./crawl_data/双鱼座------2196439------星座真心话：鱼腩趁着聚会把我办了(图).json
save file :./crawl_data/双鱼座------2193745------双鱼座爱情吉日吉时(图).json
save file :./crawl_data/双鱼座------2170290------双鱼座的装嫩本钱(图).json
save file :./crawl_data/双鱼座------2169507------双鱼座的职场癌症(图).json
save file :./crawl_data/双鱼座------2158982------双鱼座甩掉你的真正原因(图).json
save file :./crawl_data/双鱼座------2158148------双鱼男天生手持好人卡(图).json
save file :./crawl_data/双鱼座------2148840------本周星象对双鱼座影响(图).json
save file :./crawl_data/双鱼座------2146613------双鱼座易被恋人冷暴力(图).json
save file :./crawl_data/双鱼座------2146181------双鱼女没钱也爱任性(图).json
save file :./crawl_data/双鱼座------2125879------双鱼座一恋爱就犯二(图).json
save file :./crawl_data/双鱼座------2124565------双鱼座爱情吉日吉时(图).json
save file :./crawl_data/双鱼座------2101874------双鱼座苦恋难有结果(图).json
save file :./crawl_data/双鱼座------2101350------双鱼男是妹控(图).json
save file :./crawl_data/双鱼座------2089229------双鱼座3月幸运福地(图).json
save file :./crawl_data/双鱼座------2088067------同学会炫耀双鱼座怎么看(图).json
save file :./crawl_data/双鱼座------2077256------双鱼座3月展望(图).json
save file :./crawl_data/双鱼座------2076599------谁该为双鱼座失恋负责(图).json
save file :./crawl_data/双鱼座------2075534------双鱼座爱把情话当真(图).json
save file :./crawl_data/双鱼座------2064172------双鱼座正在爱你的表现(图).json
save file :./crawl_data/双鱼座------2053973------靠啥双鱼座能称霸职场(图).json
save file :./crawl_data/双鱼座------2053182------双鱼座爱情吉日吉时(图).json
save file :./crawl_data/双鱼座------2042434------双鱼座最渴望的爱情模式(图).json
save file :./crawl_data/双鱼座------2042212------双鱼座善于讨好另一半(图).json
save file :./crawl_data/双鱼座------2033024------双鱼座的爱情有多长(图).json
save file :./crawl_data/双鱼座------2032524------妥妥推倒双鱼座的求爱攻略(图).json
save file :./crawl_data/双鱼座------2001951------双鱼座：校园小说(图).json
save file :./crawl_data/双鱼座------2000747------本周星象对双鱼座的影响(图).json
save file :./crawl_data/双鱼座------1993305------双鱼座的心是水晶做的(图).json
save file :./crawl_data/双鱼座------1983471------双鱼座2015年新春运势(图).json
save file :./crawl_data/双鱼座------1979888------双鱼座爱情吉日吉时(图).json
save file :./crawl_data/双鱼座------1967769------双鱼座懂得享受生活(图).json
save file :./crawl_data/双鱼座------1956299------星座真心话：巨蟹父母势利眼真糟心(图).json
save file :./crawl_data/双鱼座------1942175------双鱼座的约会秘籍(图).json
save file :./crawl_data/双鱼座------1941904------一句话让双鱼男倒大霉(图).json
save file :./crawl_data/双鱼座------1940927------本周星象对双鱼座影响(图).json
save file :./crawl_data/双鱼座------1931699------星座真心话：双鱼小碧池跟我抢男人(图).json
save file :./crawl_data/双鱼座------1929661------双鱼座的压力从哪来(图).json
save file :./crawl_data/双鱼座------1912591------星座真心话：鱼女为真爱女人变女物(图).json
save file :./crawl_data/双鱼座------1910835------双鱼座本周爱情吉日吉时(图).json
save file :./crawl_data/双鱼座------1900066------双鱼座邂逅真爱的地点(图).json
save file :./crawl_data/双鱼座------1898380------双鱼座使婚姻完美的妙招(图).json
save file :./crawl_data/双鱼座------1875660------双鱼座2月展望(图).json
save file :./crawl_data/双鱼座------1873939------双鱼座如何推倒暗恋男神(图).json
save file :./crawl_data/双鱼座------1864225------本周星象对双鱼座影响(图).json
save file :./crawl_data/双鱼座------1861534------双鱼座是神级补刀王(图).json
save file :./crawl_data/双鱼座------1842374------一句话:让双鱼座剩女变女神(图).json
save file :./crawl_data/双鱼座------1841399------双鱼座本周爱情吉日吉时(图).json
save file :./crawl_data/双鱼座------1827275------双鱼座越活越幸福(图).json
save file :./crawl_data/双鱼座------1826395------恋爱时为何会惨遭双鱼座背叛(图).json
save file :./crawl_data/双鱼座------1812473------双鱼座去哪找存在感(图).json
save file :./crawl_data/双鱼座------1810917------面对职场宫斗双鱼座能赢吗(图).json
save file :./crawl_data/双鱼座------1798741------双鱼座惹人厌的死德性(图).json
save file :./crawl_data/双鱼座------1797857------本周星象对双鱼座影响(图).json
save file :./crawl_data/双鱼座------1796323------双鱼座的职场保护色(图).json
save file :./crawl_data/双鱼座------1795923------双鱼女爱囤货易败家(图).json
save file :./crawl_data/双鱼座------1780742------双鱼座独有的正能量(图).json
save file :./crawl_data/双鱼座------1780401------如何走进双鱼座女生的心(图).json
save file :./crawl_data/双鱼座------1752740------双鱼座变丑的坏习惯(图).json
save file :./crawl_data/双鱼座------1752132------双鱼座爱情吉日吉时(图).json
save file :./crawl_data/双鱼座------1736116------双鱼座称霸职场的本领(图).json
save file :./crawl_data/双鱼座------1720096------双鱼座不易减肥成功(图).json
save file :./crawl_data/双鱼座------1707709------水逆对双鱼座的影响(图).json
save file :./crawl_data/双鱼座------1705714------双鱼座最易痴情于前任(图).json
save file :./crawl_data/双鱼座------1687731------双鱼座必须经历的成长伤痛(图).json
save file :./crawl_data/双鱼座------1687366------如何讨好双鱼座老板(图).json
save file :./crawl_data/双鱼座------1660292------星座真心话：射男房事不行还打老婆(图).json
save file :./crawl_data/双鱼座------1660113------双鱼座恋爱易失财(图).json
save file :./crawl_data/双鱼座------1659070------双鱼座爱情吉日吉时(图).json
save file :./crawl_data/双鱼座------1646604------星座真心话：金牛男事业当借口不结婚(图).json
save file :./crawl_data/双鱼座------1645091------操心过度导致友尽的双鱼女(图).json
save file :./crawl_data/双鱼座------1644416------教双鱼座收获唯美爱情的秘诀(图).json
save file :./crawl_data/双鱼座------1632657------星座真心话：30岁白羊女号称无情史(图).json
save file :./crawl_data/双鱼座------1630986------双鱼座职场中的陷阱(图).json
save file :./crawl_data/双鱼座------1629998------专属双鱼座高效时间秘籍(图).json
save file :./crawl_data/双鱼座------1629596------专属双鱼座高效时间秘籍(图).json
save file :./crawl_data/双鱼座------1617705------星座真心话：花心双鱼女祸害俩魔羯(图).json
save file :./crawl_data/双鱼座------1617656------打动双鱼座女生的小花招(图).json
save file :./crawl_data/双鱼座------1617235------双鱼是男人最爱的劈腿对象(图).json
save file :./crawl_data/双鱼座------1602003------本周星象对双鱼座影响(图).json
save file :./crawl_data/双鱼座------1600805------双鱼座咋应对职场排挤(图).json
save file :./crawl_data/双鱼座------1599915------最伤双鱼座老公的话(图).json
save file :./crawl_data/双鱼座------1574649------双鱼座如何消除孤独感(图).json
save file :./crawl_data/双鱼座------1572353------双鱼座爱情吉日吉时(图).json
save file :./crawl_data/双鱼座------1560722------双鱼女天生受宠(图).json
save file :./crawl_data/双鱼座------1560332------双鱼女善于经营婚姻(图).json
save file :./crawl_data/双鱼座------1543520------双鱼座2015破财指数(图).json
save file :./crawl_data/双鱼座------1532351------宝灵2015双鱼座运势(图).json
save file :./crawl_data/双鱼座------1531866------双鱼男恋爱自由两不误(图).json
save file :./crawl_data/双鱼座------1530829------双鱼座2015旺桃花指南(图).json
save file :./crawl_data/双鱼座------1530093------本周星象对双鱼座影响(图).json
save file :./crawl_data/双鱼座------1516703------双鱼座2015事业机遇(图).json
save file :./crawl_data/双鱼座------1506273------双鱼座1月展望(图).json
save file :./crawl_data/双鱼座------1504926------双鱼男分手方式最狠毒(图).json
save file :./crawl_data/双鱼座------1503462------双鱼座爱情吉日吉时(图).json
save file :./crawl_data/双鱼座------1475455------双鱼座觉得累不爱咋办(图).json
save file :./crawl_data/双鱼座------1475054------双鱼座如何改掉坏习惯(图).json
save file :./crawl_data/双鱼座------1462683------双鱼座心中的美好时光(图).json
save file :./crawl_data/双鱼座------1450709------双鱼座男人的野蛮真面目(图).json
save file :./crawl_data/双鱼座------1447021------本周星象对双鱼座影响(图).json
save file :./crawl_data/双鱼座------1422272------Alex双鱼座2015年运(图).json
save file :./crawl_data/双鱼座------1421032------双鱼座爱情吉日吉时(图).json
save file :./crawl_data/双鱼座------1409282------双鱼座圣诞约会课堂(图).json
save file :./crawl_data/双鱼座------1403241------苏珊米勒2015年双鱼座运势(图).json
save file :./crawl_data/双鱼座------1399359------双鱼座圣诞省钱攻略(图).json
save file :./crawl_data/双鱼座------1387392------双鱼座为啥变成单身狗(图).json
save file :./crawl_data/双鱼座------1386505------双鱼座的心灵松绑术(图).json
save file :./crawl_data/双鱼座------1374422------最让双鱼男惊喜的事(图).json
save file :./crawl_data/双鱼座------1373916------本周星象对双鱼座影响(图).json
save file :./crawl_data/双鱼座------1355900------双鱼座应该快乐的理由(图).json
save file :./crawl_data/双鱼座------1355118------双鱼座爱情吉日吉时(图).json
save file :./crawl_data/双鱼座------1343096------双鱼座如何摆脱空虚寂寞冷(图).json
save file :./crawl_data/双鱼座------1341919------双鱼座如何保持好心情(图).json
save file :./crawl_data/双鱼座------1330572------咋让双鱼座越爱越甜蜜(图).json
save file :./crawl_data/双鱼座------1319087------本周星象对双鱼座影响(图).json
save file :./crawl_data/双鱼座------1318213------双鱼座的职场死法(图).json
save file :./crawl_data/双鱼座------1306392------双鱼座的恋爱垃圾(图).json
save file :./crawl_data/双鱼座------1305201------双鱼座的最佳闺蜜(图).json
save file :./crawl_data/双鱼座------1286949------双鱼座最佳减龄方式(图).json
save file :./crawl_data/双鱼座------1285960------双鱼座爱情吉日吉时(图).json
save file :./crawl_data/双鱼座------1273982------如何让双鱼座女神臣服(图).json
save file :./crawl_data/双鱼座------1262203------双鱼座咋重拾爱的勇气(图).json
save file :./crawl_data/双鱼座------1261681------双鱼座能逆袭职场(图).json
save file :./crawl_data/双鱼座------1249976------双鱼座就是这么任性(图).json
save file :./crawl_data/双鱼座------1249665------本周星象对双鱼座影响(图).json
save file :./crawl_data/双鱼座------1249342------双鱼座职场红人炼成术(图).json
save file :./crawl_data/双鱼座------1238673------如何控制双鱼座败家娘们(图).json
save file :./crawl_data/双鱼座------1223108------双鱼座单身姿态(图).json
save file :./crawl_data/双鱼座------1221900------双鱼座爱情吉日吉时(图).json
save file :./crawl_data/双鱼座------1211592------如何吓跑双鱼男(图).json
save file :./crawl_data/双鱼座------1209966------双鱼座魅力坏女郎(图).json
save file :./crawl_data/双鱼座------1198666------双鱼座12月展望(图).json
save file :./crawl_data/双鱼座------1197598------双鱼座感情升温秘籍(图).json
save file :./crawl_data/双鱼座------1196883------双鱼座的自我推销术(图).json
save file :./crawl_data/双鱼座------1186684------本周星象对双鱼座影响(图).json
save file :./crawl_data/双鱼座------1186480------双鱼座为啥一事无成(图).json
save file :./crawl_data/双鱼座------1185274------GEO版双鱼座2015年运(图).json
save file :./crawl_data/双鱼座------1169342------双鱼座的错误爱情理念(图).json
save file :./crawl_data/双鱼座------1168365------双鱼座口是心非的表现(图).json
save file :./crawl_data/双鱼座------1146084------双鱼座爱情吉日吉时(图).json
save file :./crawl_data/双鱼座------1145591------双鱼座人生成功的关键(图).json
save file :./crawl_data/双鱼座------1133405------双鱼座晋升路上咋防雷(图).json
save file :./crawl_data/双鱼座------1132962------拐双鱼座回家的礼物(图).json
save file :./crawl_data/双鱼座------1121622------双鱼座12月财运报告(图).json
save file :./crawl_data/双鱼座------1120908------星座真心话：鱼腩吃软饭EX是坐台女(图).json
save file :./crawl_data/双鱼座------1106984------双鱼座剁手党养成史(图).json
save file :./crawl_data/双鱼座------1106343------双鱼男驭妻有术(图).json
save file :./crawl_data/双鱼座------1097490------本周星象对双鱼座影响(图).json
save file :./crawl_data/双鱼座------1094712------点燃双鱼座的激情爱火(图).json
save file :./crawl_data/双鱼座------1094006------双鱼座圣母的自救术(图).json
save file :./crawl_data/双鱼座------1074136------双鱼座最害怕男友EX(图).json
save file :./crawl_data/双鱼座------1073866------双鱼座爱情吉日吉时(图).json
save file :./crawl_data/双鱼座------1060263------双鱼女易中暧昧之毒(图).json
save file :./crawl_data/双鱼座------1048725------双鱼会勾搭女友闺蜜(图).json
save file :./crawl_data/双鱼座------1048329------双鱼男如何搞定刁蛮妻(图).json
save file :./crawl_data/双鱼座------1035678------双鱼座的爱情困扰(图).json
save file :./crawl_data/双鱼座------1034518------2015双鱼座婚姻幸福指数(图).json
save file :./crawl_data/双鱼座------1024224------本周星象对双鱼座影响(图).json
save file :./crawl_data/双鱼座------1020661------毒舌点评双鱼座剁手党(图).json
save file :./crawl_data/双鱼座------1000991------一招推倒双鱼座男友(图).json
save file :./crawl_data/双鱼座------1000302------双鱼座爱情吉日吉时(图).json
save file :./crawl_data/双鱼座------989327------星座真心话：我跟双鱼开房聊聊摸摸(图).json
save file :./crawl_data/双鱼座------988532------双鱼座整治熊孩子绝招(图).json
save file :./crawl_data/双鱼座------986986------双鱼座的感情安全区(图).json
save file :./crawl_data/双鱼座------974609------2015年双鱼座转运几率(图).json
save file :./crawl_data/双鱼座------961603------双鱼座脱光大忌(图).json
save file :./crawl_data/双鱼座------950823------咋从双鱼小三手里抢人(图).json
save file :./crawl_data/双鱼座------949967------本周星象对双鱼座影响(图).json
save file :./crawl_data/双鱼座------925318------双鱼座爱情吉日吉时(图).json
save file :./crawl_data/双鱼座------924895------2015双鱼座能修成正果吗(图).json
save file :./crawl_data/双鱼座------912697------双鱼版奔跑吧兄弟！(图).json
save file :./crawl_data/双鱼座------912061------双鱼座的职场克星(图).json
save file :./crawl_data/双鱼座------900553------双鱼座2015哪儿会破财(图).json
save file :./crawl_data/双鱼座------886647------双鱼座挡桃花必杀技(图).json
save file :./crawl_data/双鱼座------874434------双鱼座的无敌御夫术(图).json
save file :./crawl_data/双鱼座------874039------双鱼座男友的恋爱雷区(图).json
save file :./crawl_data/双鱼座------873608------本周星象对双鱼座影响(图).json
save file :./crawl_data/双鱼座------852750------双鱼座爱情吉日吉时(图).json
save file :./crawl_data/双鱼座------835732------双鱼座11月展望(图).json
save file :./crawl_data/双鱼座------834125------双鱼男善于哄回女友(图).json
save file :./crawl_data/双鱼座------774486------双鱼座的爱情幸运石(图).json
save file :./crawl_data/双鱼座------771706------谁是双鱼座心尖上的人(图).json
save file :./crawl_data/双鱼座------712745------双鱼座的不靠谱好友(图).json
save file :./crawl_data/双鱼座------712273------如何攻陷双鱼男的心(图).json
save file :./crawl_data/双鱼座------702899------星座真心话：双鱼说我像他妈太烦人(图).json
save file :./crawl_data/双鱼座------697536------双鱼座职场必修心计(图).json
save file :./crawl_data/双鱼座------697339------本周星象对双鱼座影响(图).json
save file :./crawl_data/双鱼座------676617------双鱼座爱情吉日吉时(图).json
save file :./crawl_data/双鱼座------663816------双鱼座越老越有魅力(图).json
save file :./crawl_data/双鱼座------663496------双鱼女男人面前最得宠(图).json
save file :./crawl_data/双鱼座------651513------双鱼座老板的执念(图).json
save file :./crawl_data/双鱼座------638500------双鱼女发展潜力巨大(图).json
save file :./crawl_data/双鱼座------628960------本周星象对双鱼座影响(图).json
save file :./crawl_data/双鱼座------626339------约会双鱼座你该约在哪(图).json
save file :./crawl_data/双鱼座------625920------双鱼女招桃花指数爆表(图).json
save file :./crawl_data/双鱼座------606859------双鱼座爱情吉日吉时(图).json
save file :./crawl_data/双鱼座------595519------双鱼座单身活得更精彩(图).json
save file :./crawl_data/双鱼座------584905------双鱼座迷恋情人啥部位(图).json
save file :./crawl_data/双鱼座------583876------双鱼女懂为婚姻投资(图).json
save file :./crawl_data/双鱼座------562570------本周星象对双鱼座影响(图).json
save file :./crawl_data/双鱼座------549153------能打动双鱼座的情话(图).json
save file :./crawl_data/双鱼座------547247------双鱼座恋爱必改缺点(图).json
save file :./crawl_data/双鱼座------537026------双鱼座爱情吉日吉时(图).json
save file :./crawl_data/双鱼座------526959------双鱼座撂挑子的原因(图).json
save file :./crawl_data/双鱼座------524659------星座真心话：双鱼信算命结果要分手(图).json
save file :./crawl_data/双鱼座------523982------双鱼座不受上司待见(图).json
save file :./crawl_data/双鱼座------512567------双鱼座能化解分手危机(图).json
save file :./crawl_data/双鱼座------490498------天蝎座水逆对双鱼座的影响(图).json
save file :./crawl_data/双鱼座------490150------双鱼座10月展望(图).json
save file :./crawl_data/双鱼座------479427------征服双鱼恋人的攻心计(图).json
save file :./crawl_data/双鱼座------478916------独家：唐立淇双鱼座10月运(图).json
save file :./crawl_data/双鱼座------471926------本周星象对双鱼座影响(图).json
save file :./crawl_data/双鱼座------471854------本周星象对双鱼座影响(图).json
save file :./crawl_data/双鱼座------469905------双鱼男会娶谁回家(图).json
save file :./crawl_data/双鱼座------468370------双鱼座情人花钱不靠谱(图).json
save file :./crawl_data/双鱼座------460459------双鱼男的需求(图).json
save file :./crawl_data/双鱼座------458522------双鱼男是爱情黑骑士(图).json
save file :./crawl_data/双鱼座------441913------双鱼座爱情吉日吉时(图).json
save file :./crawl_data/双鱼座------428271------双鱼座咋报复仇人(图).json
save file :./crawl_data/双鱼座------425572------咋让双鱼座重燃斗志(图).json
save file :./crawl_data/双鱼座------431463------双鱼男会越娶越差(图).json
save file :./crawl_data/双鱼座------431475------双鱼座调教男友有奇招(图).json
save file :./crawl_data/双鱼座------431513------本周星象对双鱼座影响(图).json
save file :./crawl_data/双鱼座------431551------双鱼女的减压甜品(图).json
save file :./crawl_data/双鱼座------444387------影响双鱼座效率的杀手(图).json
save file :./crawl_data/双鱼座------445040------双鱼座总是光说不练(图).json
save file :./crawl_data/双鱼座------445058------年底双鱼座爱情最甜蜜(图).json
save file :./crawl_data/双鱼座------445195------双鱼座爱情吉日吉时(图).json
save file :./crawl_data/双鱼座------445218------双鱼座浪漫手段(图).json
save file :./crawl_data/双鱼座------445313------双鱼的天赋本钱和宿命(图).json
save file :./crawl_data/双鱼座------445335------双鱼座是怎么死的(图).json
save file :./crawl_data/双鱼座------445361------双鱼男是贪欢薄情男(图).json
save file :./crawl_data/双鱼座------445967------如何逼疯双鱼座(图).json
save file :./crawl_data/双鱼座------445989------本周星象对双鱼座影响(图).json
save file :./crawl_data/双鱼座------444494------星座真心话：金牛的深情你永远不懂(图).json
save file :./crawl_data/双鱼座------444497------星座真心话：单恋水瓶像拍苦情剧(图).json
save file :./crawl_data/双鱼座------444531------星座真心话：双鱼爱我像爱个朋友(图).json
save file :./crawl_data/双鱼座------444592------星座真心话：处女嫌弃我长相提分手(图).json
save file :./crawl_data/双鱼座------444610------星座真心话：狮子像护犊子一样爱我(图).json
save file :./crawl_data/双鱼座------444640------星座真心话：狮子被前任双鱼女糟蹋(图).json
save file :./crawl_data/双鱼座------444647------星座真心话：双鱼跟我玩柏拉图恋爱(图).json
save file :./crawl_data/双鱼座------444701------星座真心话:痴情双鱼惨遭双子抛弃(图).json
save file :./crawl_data/双鱼座------444722------星座真心话：天秤渣男栽赃我有病(图).json
save file :./crawl_data/双鱼座------446549------星座真心话：金牛苦等双鱼回头(图).json
save file :./crawl_data/双鱼座------446584------星座真心话：双鱼割脉挽留金牛男(图).json
save file :./crawl_data/双鱼座------2230186------双鱼座与生命灵数.json
save file :./crawl_data/双鱼座------2239840------双鱼座最像的物品--水晶音乐盒(图).json
save file :./crawl_data/双鱼座------2239860------双鱼座财运水晶--天然红虎睛(图).json
save file :./crawl_data/双鱼座------2239901------双鱼座的水晶攻略(组图).json
